{"timestamp":"2026-03-13T18:44:24.141071Z","level":"info","event":"Filling up the DagBag from /opt/airflow/dags/inicial.py","logger":"airflow.models.dagbag.BundleDagBag","filename":"dagbag.py","lineno":593}
{"timestamp":"2026-03-13T18:44:24.169673Z","level":"warning","event":"The `airflow.decorators.dag` attribute is deprecated. Please use `'airflow.sdk.dag'`.","category":"DeprecatedImportWarning","filename":"/opt/airflow/dags/inicial.py","lineno":1,"logger":"py.warnings"}
{"timestamp":"2026-03-13T18:44:24.169819Z","level":"warning","event":"The `airflow.decorators.task` attribute is deprecated. Please use `'airflow.sdk.task'`.","category":"DeprecatedImportWarning","filename":"/opt/airflow/dags/inicial.py","lineno":1,"logger":"py.warnings"}
{"timestamp":"2026-03-13T18:44:24.169897Z","level":"warning","event":"The `airflow.operators.python.PythonOperator` attribute is deprecated. Please use `'airflow.providers.standard.operators.python.PythonOperator'`.","category":"DeprecatedImportWarning","filename":"/opt/airflow/dags/inicial.py","lineno":4,"logger":"py.warnings"}
{"timestamp":"2026-03-13T18:44:54.296193Z","level":"info","event":"Filling up the DagBag from /opt/airflow/dags/inicial.py","logger":"airflow.models.dagbag.BundleDagBag","filename":"dagbag.py","lineno":593}
{"timestamp":"2026-03-13T18:44:54.317594Z","level":"warning","event":"The `airflow.decorators.dag` attribute is deprecated. Please use `'airflow.sdk.dag'`.","category":"DeprecatedImportWarning","filename":"/opt/airflow/dags/inicial.py","lineno":1,"logger":"py.warnings"}
{"timestamp":"2026-03-13T18:44:54.317720Z","level":"warning","event":"The `airflow.decorators.task` attribute is deprecated. Please use `'airflow.sdk.task'`.","category":"DeprecatedImportWarning","filename":"/opt/airflow/dags/inicial.py","lineno":1,"logger":"py.warnings"}
{"timestamp":"2026-03-13T18:44:54.317792Z","level":"warning","event":"The `airflow.operators.python.PythonOperator` attribute is deprecated. Please use `'airflow.providers.standard.operators.python.PythonOperator'`.","category":"DeprecatedImportWarning","filename":"/opt/airflow/dags/inicial.py","lineno":4,"logger":"py.warnings"}
{"timestamp":"2026-03-13T18:45:25.084553Z","level":"info","event":"Filling up the DagBag from /opt/airflow/dags/inicial.py","logger":"airflow.models.dagbag.BundleDagBag","filename":"dagbag.py","lineno":593}
{"timestamp":"2026-03-13T18:45:25.113125Z","level":"warning","event":"The `airflow.decorators.dag` attribute is deprecated. Please use `'airflow.sdk.dag'`.","category":"DeprecatedImportWarning","filename":"/opt/airflow/dags/inicial.py","lineno":1,"logger":"py.warnings"}
{"timestamp":"2026-03-13T18:45:25.113254Z","level":"warning","event":"The `airflow.decorators.task` attribute is deprecated. Please use `'airflow.sdk.task'`.","category":"DeprecatedImportWarning","filename":"/opt/airflow/dags/inicial.py","lineno":1,"logger":"py.warnings"}
{"timestamp":"2026-03-13T18:45:25.113328Z","level":"warning","event":"The `airflow.operators.python.PythonOperator` attribute is deprecated. Please use `'airflow.providers.standard.operators.python.PythonOperator'`.","category":"DeprecatedImportWarning","filename":"/opt/airflow/dags/inicial.py","lineno":4,"logger":"py.warnings"}
{"timestamp":"2026-03-13T18:45:55.241386Z","level":"info","event":"Filling up the DagBag from /opt/airflow/dags/inicial.py","logger":"airflow.models.dagbag.BundleDagBag","filename":"dagbag.py","lineno":593}
{"timestamp":"2026-03-13T18:45:55.261788Z","level":"warning","event":"The `airflow.decorators.dag` attribute is deprecated. Please use `'airflow.sdk.dag'`.","category":"DeprecatedImportWarning","filename":"/opt/airflow/dags/inicial.py","lineno":1,"logger":"py.warnings"}
{"timestamp":"2026-03-13T18:45:55.261923Z","level":"warning","event":"The `airflow.decorators.task` attribute is deprecated. Please use `'airflow.sdk.task'`.","category":"DeprecatedImportWarning","filename":"/opt/airflow/dags/inicial.py","lineno":1,"logger":"py.warnings"}
{"timestamp":"2026-03-13T18:45:55.262000Z","level":"warning","event":"The `airflow.operators.python.PythonOperator` attribute is deprecated. Please use `'airflow.providers.standard.operators.python.PythonOperator'`.","category":"DeprecatedImportWarning","filename":"/opt/airflow/dags/inicial.py","lineno":4,"logger":"py.warnings"}
{"timestamp":"2026-03-13T18:46:26.263103Z","level":"info","event":"Filling up the DagBag from /opt/airflow/dags/inicial.py","logger":"airflow.models.dagbag.BundleDagBag","filename":"dagbag.py","lineno":593}
{"timestamp":"2026-03-13T18:46:26.282433Z","level":"warning","event":"The `airflow.decorators.dag` attribute is deprecated. Please use `'airflow.sdk.dag'`.","category":"DeprecatedImportWarning","filename":"/opt/airflow/dags/inicial.py","lineno":1,"logger":"py.warnings"}
{"timestamp":"2026-03-13T18:46:26.282551Z","level":"warning","event":"The `airflow.decorators.task` attribute is deprecated. Please use `'airflow.sdk.task'`.","category":"DeprecatedImportWarning","filename":"/opt/airflow/dags/inicial.py","lineno":1,"logger":"py.warnings"}
{"timestamp":"2026-03-13T18:46:26.282620Z","level":"warning","event":"The `airflow.operators.python.PythonOperator` attribute is deprecated. Please use `'airflow.providers.standard.operators.python.PythonOperator'`.","category":"DeprecatedImportWarning","filename":"/opt/airflow/dags/inicial.py","lineno":4,"logger":"py.warnings"}
{"timestamp":"2026-03-13T18:46:56.474477Z","level":"info","event":"Filling up the DagBag from /opt/airflow/dags/inicial.py","logger":"airflow.models.dagbag.BundleDagBag","filename":"dagbag.py","lineno":593}
{"timestamp":"2026-03-13T18:46:56.497506Z","level":"warning","event":"The `airflow.decorators.dag` attribute is deprecated. Please use `'airflow.sdk.dag'`.","category":"DeprecatedImportWarning","filename":"/opt/airflow/dags/inicial.py","lineno":1,"logger":"py.warnings"}
{"timestamp":"2026-03-13T18:46:56.497648Z","level":"warning","event":"The `airflow.decorators.task` attribute is deprecated. Please use `'airflow.sdk.task'`.","category":"DeprecatedImportWarning","filename":"/opt/airflow/dags/inicial.py","lineno":1,"logger":"py.warnings"}
{"timestamp":"2026-03-13T18:46:56.497743Z","level":"warning","event":"The `airflow.operators.python.PythonOperator` attribute is deprecated. Please use `'airflow.providers.standard.operators.python.PythonOperator'`.","category":"DeprecatedImportWarning","filename":"/opt/airflow/dags/inicial.py","lineno":4,"logger":"py.warnings"}
{"timestamp":"2026-03-13T18:47:27.319017Z","level":"info","event":"Filling up the DagBag from /opt/airflow/dags/inicial.py","logger":"airflow.models.dagbag.BundleDagBag","filename":"dagbag.py","lineno":593}
{"timestamp":"2026-03-13T18:47:27.339456Z","level":"warning","event":"The `airflow.decorators.dag` attribute is deprecated. Please use `'airflow.sdk.dag'`.","category":"DeprecatedImportWarning","filename":"/opt/airflow/dags/inicial.py","lineno":1,"logger":"py.warnings"}
{"timestamp":"2026-03-13T18:47:27.339572Z","level":"warning","event":"The `airflow.decorators.task` attribute is deprecated. Please use `'airflow.sdk.task'`.","category":"DeprecatedImportWarning","filename":"/opt/airflow/dags/inicial.py","lineno":1,"logger":"py.warnings"}
{"timestamp":"2026-03-13T18:47:27.339642Z","level":"warning","event":"The `airflow.operators.python.PythonOperator` attribute is deprecated. Please use `'airflow.providers.standard.operators.python.PythonOperator'`.","category":"DeprecatedImportWarning","filename":"/opt/airflow/dags/inicial.py","lineno":4,"logger":"py.warnings"}
{"timestamp":"2026-03-13T18:47:57.980613Z","level":"info","event":"Filling up the DagBag from /opt/airflow/dags/inicial.py","logger":"airflow.models.dagbag.BundleDagBag","filename":"dagbag.py","lineno":593}
{"timestamp":"2026-03-13T18:47:58.002317Z","level":"warning","event":"The `airflow.decorators.dag` attribute is deprecated. Please use `'airflow.sdk.dag'`.","category":"DeprecatedImportWarning","filename":"/opt/airflow/dags/inicial.py","lineno":1,"logger":"py.warnings"}
{"timestamp":"2026-03-13T18:47:58.002439Z","level":"warning","event":"The `airflow.decorators.task` attribute is deprecated. Please use `'airflow.sdk.task'`.","category":"DeprecatedImportWarning","filename":"/opt/airflow/dags/inicial.py","lineno":1,"logger":"py.warnings"}
{"timestamp":"2026-03-13T18:47:58.002550Z","level":"warning","event":"The `airflow.operators.python.PythonOperator` attribute is deprecated. Please use `'airflow.providers.standard.operators.python.PythonOperator'`.","category":"DeprecatedImportWarning","filename":"/opt/airflow/dags/inicial.py","lineno":4,"logger":"py.warnings"}
{"timestamp":"2026-03-13T18:48:28.810656Z","level":"info","event":"Filling up the DagBag from /opt/airflow/dags/inicial.py","logger":"airflow.models.dagbag.BundleDagBag","filename":"dagbag.py","lineno":593}
{"timestamp":"2026-03-13T18:48:28.830665Z","level":"warning","event":"The `airflow.decorators.dag` attribute is deprecated. Please use `'airflow.sdk.dag'`.","category":"DeprecatedImportWarning","filename":"/opt/airflow/dags/inicial.py","lineno":1,"logger":"py.warnings"}
{"timestamp":"2026-03-13T18:48:28.830771Z","level":"warning","event":"The `airflow.decorators.task` attribute is deprecated. Please use `'airflow.sdk.task'`.","category":"DeprecatedImportWarning","filename":"/opt/airflow/dags/inicial.py","lineno":1,"logger":"py.warnings"}
{"timestamp":"2026-03-13T18:48:28.830839Z","level":"warning","event":"The `airflow.operators.python.PythonOperator` attribute is deprecated. Please use `'airflow.providers.standard.operators.python.PythonOperator'`.","category":"DeprecatedImportWarning","filename":"/opt/airflow/dags/inicial.py","lineno":4,"logger":"py.warnings"}
{"timestamp":"2026-03-13T18:48:59.655575Z","level":"info","event":"Filling up the DagBag from /opt/airflow/dags/inicial.py","logger":"airflow.models.dagbag.BundleDagBag","filename":"dagbag.py","lineno":593}
{"timestamp":"2026-03-13T18:48:59.676968Z","level":"warning","event":"The `airflow.decorators.dag` attribute is deprecated. Please use `'airflow.sdk.dag'`.","category":"DeprecatedImportWarning","filename":"/opt/airflow/dags/inicial.py","lineno":1,"logger":"py.warnings"}
{"timestamp":"2026-03-13T18:48:59.677076Z","level":"warning","event":"The `airflow.decorators.task` attribute is deprecated. Please use `'airflow.sdk.task'`.","category":"DeprecatedImportWarning","filename":"/opt/airflow/dags/inicial.py","lineno":1,"logger":"py.warnings"}
{"timestamp":"2026-03-13T18:48:59.677147Z","level":"warning","event":"The `airflow.operators.python.PythonOperator` attribute is deprecated. Please use `'airflow.providers.standard.operators.python.PythonOperator'`.","category":"DeprecatedImportWarning","filename":"/opt/airflow/dags/inicial.py","lineno":4,"logger":"py.warnings"}
{"timestamp":"2026-03-13T18:49:29.934049Z","level":"info","event":"Filling up the DagBag from /opt/airflow/dags/inicial.py","logger":"airflow.models.dagbag.BundleDagBag","filename":"dagbag.py","lineno":593}
{"timestamp":"2026-03-13T18:49:29.954632Z","level":"warning","event":"The `airflow.decorators.dag` attribute is deprecated. Please use `'airflow.sdk.dag'`.","category":"DeprecatedImportWarning","filename":"/opt/airflow/dags/inicial.py","lineno":1,"logger":"py.warnings"}
{"timestamp":"2026-03-13T18:49:29.954775Z","level":"warning","event":"The `airflow.decorators.task` attribute is deprecated. Please use `'airflow.sdk.task'`.","category":"DeprecatedImportWarning","filename":"/opt/airflow/dags/inicial.py","lineno":1,"logger":"py.warnings"}
{"timestamp":"2026-03-13T18:49:29.954895Z","level":"warning","event":"The `airflow.operators.python.PythonOperator` attribute is deprecated. Please use `'airflow.providers.standard.operators.python.PythonOperator'`.","category":"DeprecatedImportWarning","filename":"/opt/airflow/dags/inicial.py","lineno":4,"logger":"py.warnings"}
{"timestamp":"2026-03-13T18:50:00.334834Z","level":"info","event":"Filling up the DagBag from /opt/airflow/dags/inicial.py","logger":"airflow.models.dagbag.BundleDagBag","filename":"dagbag.py","lineno":593}
{"timestamp":"2026-03-13T18:50:00.357544Z","level":"warning","event":"The `airflow.decorators.dag` attribute is deprecated. Please use `'airflow.sdk.dag'`.","category":"DeprecatedImportWarning","filename":"/opt/airflow/dags/inicial.py","lineno":1,"logger":"py.warnings"}
{"timestamp":"2026-03-13T18:50:00.357684Z","level":"warning","event":"The `airflow.decorators.task` attribute is deprecated. Please use `'airflow.sdk.task'`.","category":"DeprecatedImportWarning","filename":"/opt/airflow/dags/inicial.py","lineno":1,"logger":"py.warnings"}
{"timestamp":"2026-03-13T18:50:00.357757Z","level":"warning","event":"The `airflow.operators.python.PythonOperator` attribute is deprecated. Please use `'airflow.providers.standard.operators.python.PythonOperator'`.","category":"DeprecatedImportWarning","filename":"/opt/airflow/dags/inicial.py","lineno":4,"logger":"py.warnings"}
{"timestamp":"2026-03-13T18:50:30.579058Z","level":"info","event":"Filling up the DagBag from /opt/airflow/dags/inicial.py","logger":"airflow.models.dagbag.BundleDagBag","filename":"dagbag.py","lineno":593}
{"timestamp":"2026-03-13T18:50:30.599269Z","level":"warning","event":"The `airflow.decorators.dag` attribute is deprecated. Please use `'airflow.sdk.dag'`.","category":"DeprecatedImportWarning","filename":"/opt/airflow/dags/inicial.py","lineno":1,"logger":"py.warnings"}
{"timestamp":"2026-03-13T18:50:30.599379Z","level":"warning","event":"The `airflow.decorators.task` attribute is deprecated. Please use `'airflow.sdk.task'`.","category":"DeprecatedImportWarning","filename":"/opt/airflow/dags/inicial.py","lineno":1,"logger":"py.warnings"}
{"timestamp":"2026-03-13T18:50:30.599450Z","level":"warning","event":"The `airflow.operators.python.PythonOperator` attribute is deprecated. Please use `'airflow.providers.standard.operators.python.PythonOperator'`.","category":"DeprecatedImportWarning","filename":"/opt/airflow/dags/inicial.py","lineno":4,"logger":"py.warnings"}
{"timestamp":"2026-03-13T18:51:00.924461Z","level":"info","event":"Filling up the DagBag from /opt/airflow/dags/inicial.py","logger":"airflow.models.dagbag.BundleDagBag","filename":"dagbag.py","lineno":593}
{"timestamp":"2026-03-13T18:51:00.945055Z","level":"warning","event":"The `airflow.decorators.dag` attribute is deprecated. Please use `'airflow.sdk.dag'`.","category":"DeprecatedImportWarning","filename":"/opt/airflow/dags/inicial.py","lineno":1,"logger":"py.warnings"}
{"timestamp":"2026-03-13T18:51:00.945164Z","level":"warning","event":"The `airflow.decorators.task` attribute is deprecated. Please use `'airflow.sdk.task'`.","category":"DeprecatedImportWarning","filename":"/opt/airflow/dags/inicial.py","lineno":1,"logger":"py.warnings"}
{"timestamp":"2026-03-13T18:51:00.945234Z","level":"warning","event":"The `airflow.operators.python.PythonOperator` attribute is deprecated. Please use `'airflow.providers.standard.operators.python.PythonOperator'`.","category":"DeprecatedImportWarning","filename":"/opt/airflow/dags/inicial.py","lineno":4,"logger":"py.warnings"}
{"timestamp":"2026-03-13T18:51:31.471245Z","level":"info","event":"Filling up the DagBag from /opt/airflow/dags/inicial.py","logger":"airflow.models.dagbag.BundleDagBag","filename":"dagbag.py","lineno":593}
{"timestamp":"2026-03-13T18:51:31.493739Z","level":"warning","event":"The `airflow.decorators.dag` attribute is deprecated. Please use `'airflow.sdk.dag'`.","category":"DeprecatedImportWarning","filename":"/opt/airflow/dags/inicial.py","lineno":1,"logger":"py.warnings"}
{"timestamp":"2026-03-13T18:51:31.493861Z","level":"warning","event":"The `airflow.decorators.task` attribute is deprecated. Please use `'airflow.sdk.task'`.","category":"DeprecatedImportWarning","filename":"/opt/airflow/dags/inicial.py","lineno":1,"logger":"py.warnings"}
{"timestamp":"2026-03-13T18:51:31.493942Z","level":"warning","event":"The `airflow.operators.python.PythonOperator` attribute is deprecated. Please use `'airflow.providers.standard.operators.python.PythonOperator'`.","category":"DeprecatedImportWarning","filename":"/opt/airflow/dags/inicial.py","lineno":4,"logger":"py.warnings"}
{"timestamp":"2026-03-13T18:52:01.607246Z","level":"info","event":"Filling up the DagBag from /opt/airflow/dags/inicial.py","logger":"airflow.models.dagbag.BundleDagBag","filename":"dagbag.py","lineno":593}
{"timestamp":"2026-03-13T18:52:01.632346Z","level":"warning","event":"The `airflow.decorators.dag` attribute is deprecated. Please use `'airflow.sdk.dag'`.","category":"DeprecatedImportWarning","filename":"/opt/airflow/dags/inicial.py","lineno":1,"logger":"py.warnings"}
{"timestamp":"2026-03-13T18:52:01.632467Z","level":"warning","event":"The `airflow.decorators.task` attribute is deprecated. Please use `'airflow.sdk.task'`.","category":"DeprecatedImportWarning","filename":"/opt/airflow/dags/inicial.py","lineno":1,"logger":"py.warnings"}
{"timestamp":"2026-03-13T18:52:01.632539Z","level":"warning","event":"The `airflow.operators.python.PythonOperator` attribute is deprecated. Please use `'airflow.providers.standard.operators.python.PythonOperator'`.","category":"DeprecatedImportWarning","filename":"/opt/airflow/dags/inicial.py","lineno":4,"logger":"py.warnings"}
{"timestamp":"2026-03-13T18:52:31.747309Z","level":"info","event":"Filling up the DagBag from /opt/airflow/dags/inicial.py","logger":"airflow.models.dagbag.BundleDagBag","filename":"dagbag.py","lineno":593}
{"timestamp":"2026-03-13T18:52:31.771964Z","level":"warning","event":"The `airflow.decorators.dag` attribute is deprecated. Please use `'airflow.sdk.dag'`.","category":"DeprecatedImportWarning","filename":"/opt/airflow/dags/inicial.py","lineno":1,"logger":"py.warnings"}
{"timestamp":"2026-03-13T18:52:31.772114Z","level":"warning","event":"The `airflow.decorators.task` attribute is deprecated. Please use `'airflow.sdk.task'`.","category":"DeprecatedImportWarning","filename":"/opt/airflow/dags/inicial.py","lineno":1,"logger":"py.warnings"}
{"timestamp":"2026-03-13T18:52:31.772191Z","level":"warning","event":"The `airflow.operators.python.PythonOperator` attribute is deprecated. Please use `'airflow.providers.standard.operators.python.PythonOperator'`.","category":"DeprecatedImportWarning","filename":"/opt/airflow/dags/inicial.py","lineno":4,"logger":"py.warnings"}
{"timestamp":"2026-03-13T18:53:01.893804Z","level":"info","event":"Filling up the DagBag from /opt/airflow/dags/inicial.py","logger":"airflow.models.dagbag.BundleDagBag","filename":"dagbag.py","lineno":593}
{"timestamp":"2026-03-13T18:53:01.916394Z","level":"warning","event":"The `airflow.decorators.dag` attribute is deprecated. Please use `'airflow.sdk.dag'`.","category":"DeprecatedImportWarning","filename":"/opt/airflow/dags/inicial.py","lineno":1,"logger":"py.warnings"}
{"timestamp":"2026-03-13T18:53:01.916536Z","level":"warning","event":"The `airflow.decorators.task` attribute is deprecated. Please use `'airflow.sdk.task'`.","category":"DeprecatedImportWarning","filename":"/opt/airflow/dags/inicial.py","lineno":1,"logger":"py.warnings"}
{"timestamp":"2026-03-13T18:53:01.916609Z","level":"warning","event":"The `airflow.operators.python.PythonOperator` attribute is deprecated. Please use `'airflow.providers.standard.operators.python.PythonOperator'`.","category":"DeprecatedImportWarning","filename":"/opt/airflow/dags/inicial.py","lineno":4,"logger":"py.warnings"}
{"timestamp":"2026-03-13T18:53:32.107801Z","level":"info","event":"Filling up the DagBag from /opt/airflow/dags/inicial.py","logger":"airflow.models.dagbag.BundleDagBag","filename":"dagbag.py","lineno":593}
{"timestamp":"2026-03-13T18:53:32.130935Z","level":"warning","event":"The `airflow.decorators.dag` attribute is deprecated. Please use `'airflow.sdk.dag'`.","category":"DeprecatedImportWarning","filename":"/opt/airflow/dags/inicial.py","lineno":1,"logger":"py.warnings"}
{"timestamp":"2026-03-13T18:53:32.131071Z","level":"warning","event":"The `airflow.decorators.task` attribute is deprecated. Please use `'airflow.sdk.task'`.","category":"DeprecatedImportWarning","filename":"/opt/airflow/dags/inicial.py","lineno":1,"logger":"py.warnings"}
{"timestamp":"2026-03-13T18:53:32.131142Z","level":"warning","event":"The `airflow.operators.python.PythonOperator` attribute is deprecated. Please use `'airflow.providers.standard.operators.python.PythonOperator'`.","category":"DeprecatedImportWarning","filename":"/opt/airflow/dags/inicial.py","lineno":4,"logger":"py.warnings"}
{"timestamp":"2026-03-13T18:54:02.266286Z","level":"info","event":"Filling up the DagBag from /opt/airflow/dags/inicial.py","logger":"airflow.models.dagbag.BundleDagBag","filename":"dagbag.py","lineno":593}
{"timestamp":"2026-03-13T18:54:02.288374Z","level":"warning","event":"The `airflow.decorators.dag` attribute is deprecated. Please use `'airflow.sdk.dag'`.","category":"DeprecatedImportWarning","filename":"/opt/airflow/dags/inicial.py","lineno":1,"logger":"py.warnings"}
{"timestamp":"2026-03-13T18:54:02.288490Z","level":"warning","event":"The `airflow.decorators.task` attribute is deprecated. Please use `'airflow.sdk.task'`.","category":"DeprecatedImportWarning","filename":"/opt/airflow/dags/inicial.py","lineno":1,"logger":"py.warnings"}
{"timestamp":"2026-03-13T18:54:02.288561Z","level":"warning","event":"The `airflow.operators.python.PythonOperator` attribute is deprecated. Please use `'airflow.providers.standard.operators.python.PythonOperator'`.","category":"DeprecatedImportWarning","filename":"/opt/airflow/dags/inicial.py","lineno":4,"logger":"py.warnings"}
{"timestamp":"2026-03-13T18:54:32.694140Z","level":"info","event":"Filling up the DagBag from /opt/airflow/dags/inicial.py","logger":"airflow.models.dagbag.BundleDagBag","filename":"dagbag.py","lineno":593}
{"timestamp":"2026-03-13T18:54:32.721269Z","level":"warning","event":"The `airflow.decorators.dag` attribute is deprecated. Please use `'airflow.sdk.dag'`.","category":"DeprecatedImportWarning","filename":"/opt/airflow/dags/inicial.py","lineno":1,"logger":"py.warnings"}
{"timestamp":"2026-03-13T18:54:32.721457Z","level":"warning","event":"The `airflow.decorators.task` attribute is deprecated. Please use `'airflow.sdk.task'`.","category":"DeprecatedImportWarning","filename":"/opt/airflow/dags/inicial.py","lineno":1,"logger":"py.warnings"}
{"timestamp":"2026-03-13T18:54:32.721594Z","level":"warning","event":"The `airflow.operators.python.PythonOperator` attribute is deprecated. Please use `'airflow.providers.standard.operators.python.PythonOperator'`.","category":"DeprecatedImportWarning","filename":"/opt/airflow/dags/inicial.py","lineno":4,"logger":"py.warnings"}
{"timestamp":"2026-03-13T18:55:03.392187Z","level":"info","event":"Filling up the DagBag from /opt/airflow/dags/inicial.py","logger":"airflow.models.dagbag.BundleDagBag","filename":"dagbag.py","lineno":593}
{"timestamp":"2026-03-13T18:55:03.411911Z","level":"warning","event":"The `airflow.decorators.dag` attribute is deprecated. Please use `'airflow.sdk.dag'`.","category":"DeprecatedImportWarning","filename":"/opt/airflow/dags/inicial.py","lineno":1,"logger":"py.warnings"}
{"timestamp":"2026-03-13T18:55:03.412019Z","level":"warning","event":"The `airflow.decorators.task` attribute is deprecated. Please use `'airflow.sdk.task'`.","category":"DeprecatedImportWarning","filename":"/opt/airflow/dags/inicial.py","lineno":1,"logger":"py.warnings"}
{"timestamp":"2026-03-13T18:55:03.412088Z","level":"warning","event":"The `airflow.operators.python.PythonOperator` attribute is deprecated. Please use `'airflow.providers.standard.operators.python.PythonOperator'`.","category":"DeprecatedImportWarning","filename":"/opt/airflow/dags/inicial.py","lineno":4,"logger":"py.warnings"}
{"timestamp":"2026-03-13T18:55:33.682579Z","level":"info","event":"Filling up the DagBag from /opt/airflow/dags/inicial.py","logger":"airflow.models.dagbag.BundleDagBag","filename":"dagbag.py","lineno":593}
{"timestamp":"2026-03-13T18:55:33.705089Z","level":"warning","event":"The `airflow.decorators.dag` attribute is deprecated. Please use `'airflow.sdk.dag'`.","category":"DeprecatedImportWarning","filename":"/opt/airflow/dags/inicial.py","lineno":1,"logger":"py.warnings"}
{"timestamp":"2026-03-13T18:55:33.705218Z","level":"warning","event":"The `airflow.decorators.task` attribute is deprecated. Please use `'airflow.sdk.task'`.","category":"DeprecatedImportWarning","filename":"/opt/airflow/dags/inicial.py","lineno":1,"logger":"py.warnings"}
{"timestamp":"2026-03-13T18:55:33.705292Z","level":"warning","event":"The `airflow.operators.python.PythonOperator` attribute is deprecated. Please use `'airflow.providers.standard.operators.python.PythonOperator'`.","category":"DeprecatedImportWarning","filename":"/opt/airflow/dags/inicial.py","lineno":4,"logger":"py.warnings"}
{"timestamp":"2026-03-13T18:56:04.123587Z","level":"info","event":"Filling up the DagBag from /opt/airflow/dags/inicial.py","logger":"airflow.models.dagbag.BundleDagBag","filename":"dagbag.py","lineno":593}
{"timestamp":"2026-03-13T18:56:04.144681Z","level":"warning","event":"The `airflow.decorators.dag` attribute is deprecated. Please use `'airflow.sdk.dag'`.","category":"DeprecatedImportWarning","filename":"/opt/airflow/dags/inicial.py","lineno":1,"logger":"py.warnings"}
{"timestamp":"2026-03-13T18:56:04.144816Z","level":"warning","event":"The `airflow.decorators.task` attribute is deprecated. Please use `'airflow.sdk.task'`.","category":"DeprecatedImportWarning","filename":"/opt/airflow/dags/inicial.py","lineno":1,"logger":"py.warnings"}
{"timestamp":"2026-03-13T18:56:04.144896Z","level":"warning","event":"The `airflow.operators.python.PythonOperator` attribute is deprecated. Please use `'airflow.providers.standard.operators.python.PythonOperator'`.","category":"DeprecatedImportWarning","filename":"/opt/airflow/dags/inicial.py","lineno":4,"logger":"py.warnings"}
{"timestamp":"2026-03-13T18:56:34.503079Z","level":"info","event":"Filling up the DagBag from /opt/airflow/dags/inicial.py","logger":"airflow.models.dagbag.BundleDagBag","filename":"dagbag.py","lineno":593}
{"timestamp":"2026-03-13T18:56:34.522785Z","level":"warning","event":"The `airflow.decorators.dag` attribute is deprecated. Please use `'airflow.sdk.dag'`.","category":"DeprecatedImportWarning","filename":"/opt/airflow/dags/inicial.py","lineno":1,"logger":"py.warnings"}
{"timestamp":"2026-03-13T18:56:34.522926Z","level":"warning","event":"The `airflow.decorators.task` attribute is deprecated. Please use `'airflow.sdk.task'`.","category":"DeprecatedImportWarning","filename":"/opt/airflow/dags/inicial.py","lineno":1,"logger":"py.warnings"}
{"timestamp":"2026-03-13T18:56:34.523018Z","level":"warning","event":"The `airflow.operators.python.PythonOperator` attribute is deprecated. Please use `'airflow.providers.standard.operators.python.PythonOperator'`.","category":"DeprecatedImportWarning","filename":"/opt/airflow/dags/inicial.py","lineno":4,"logger":"py.warnings"}
{"timestamp":"2026-03-13T18:57:04.764988Z","level":"info","event":"Filling up the DagBag from /opt/airflow/dags/inicial.py","logger":"airflow.models.dagbag.BundleDagBag","filename":"dagbag.py","lineno":593}
{"timestamp":"2026-03-13T18:57:04.786248Z","level":"warning","event":"The `airflow.decorators.dag` attribute is deprecated. Please use `'airflow.sdk.dag'`.","category":"DeprecatedImportWarning","filename":"/opt/airflow/dags/inicial.py","lineno":1,"logger":"py.warnings"}
{"timestamp":"2026-03-13T18:57:04.786372Z","level":"warning","event":"The `airflow.decorators.task` attribute is deprecated. Please use `'airflow.sdk.task'`.","category":"DeprecatedImportWarning","filename":"/opt/airflow/dags/inicial.py","lineno":1,"logger":"py.warnings"}
{"timestamp":"2026-03-13T18:57:04.786444Z","level":"warning","event":"The `airflow.operators.python.PythonOperator` attribute is deprecated. Please use `'airflow.providers.standard.operators.python.PythonOperator'`.","category":"DeprecatedImportWarning","filename":"/opt/airflow/dags/inicial.py","lineno":4,"logger":"py.warnings"}
{"timestamp":"2026-03-13T18:57:35.015922Z","level":"info","event":"Filling up the DagBag from /opt/airflow/dags/inicial.py","logger":"airflow.models.dagbag.BundleDagBag","filename":"dagbag.py","lineno":593}
{"timestamp":"2026-03-13T18:57:35.039420Z","level":"warning","event":"The `airflow.decorators.dag` attribute is deprecated. Please use `'airflow.sdk.dag'`.","category":"DeprecatedImportWarning","filename":"/opt/airflow/dags/inicial.py","lineno":1,"logger":"py.warnings"}
{"timestamp":"2026-03-13T18:57:35.039542Z","level":"warning","event":"The `airflow.decorators.task` attribute is deprecated. Please use `'airflow.sdk.task'`.","category":"DeprecatedImportWarning","filename":"/opt/airflow/dags/inicial.py","lineno":1,"logger":"py.warnings"}
{"timestamp":"2026-03-13T18:57:35.039612Z","level":"warning","event":"The `airflow.operators.python.PythonOperator` attribute is deprecated. Please use `'airflow.providers.standard.operators.python.PythonOperator'`.","category":"DeprecatedImportWarning","filename":"/opt/airflow/dags/inicial.py","lineno":4,"logger":"py.warnings"}
{"timestamp":"2026-03-13T18:58:05.530929Z","level":"info","event":"Filling up the DagBag from /opt/airflow/dags/inicial.py","logger":"airflow.models.dagbag.BundleDagBag","filename":"dagbag.py","lineno":593}
{"timestamp":"2026-03-13T18:58:05.552877Z","level":"warning","event":"The `airflow.decorators.dag` attribute is deprecated. Please use `'airflow.sdk.dag'`.","category":"DeprecatedImportWarning","filename":"/opt/airflow/dags/inicial.py","lineno":1,"logger":"py.warnings"}
{"timestamp":"2026-03-13T18:58:05.552995Z","level":"warning","event":"The `airflow.decorators.task` attribute is deprecated. Please use `'airflow.sdk.task'`.","category":"DeprecatedImportWarning","filename":"/opt/airflow/dags/inicial.py","lineno":1,"logger":"py.warnings"}
{"timestamp":"2026-03-13T18:58:05.553090Z","level":"warning","event":"The `airflow.operators.python.PythonOperator` attribute is deprecated. Please use `'airflow.providers.standard.operators.python.PythonOperator'`.","category":"DeprecatedImportWarning","filename":"/opt/airflow/dags/inicial.py","lineno":4,"logger":"py.warnings"}
{"timestamp":"2026-03-13T18:58:35.778265Z","level":"info","event":"Filling up the DagBag from /opt/airflow/dags/inicial.py","logger":"airflow.models.dagbag.BundleDagBag","filename":"dagbag.py","lineno":593}
{"timestamp":"2026-03-13T18:58:35.798328Z","level":"warning","event":"The `airflow.decorators.dag` attribute is deprecated. Please use `'airflow.sdk.dag'`.","category":"DeprecatedImportWarning","filename":"/opt/airflow/dags/inicial.py","lineno":1,"logger":"py.warnings"}
{"timestamp":"2026-03-13T18:58:35.798464Z","level":"warning","event":"The `airflow.decorators.task` attribute is deprecated. Please use `'airflow.sdk.task'`.","category":"DeprecatedImportWarning","filename":"/opt/airflow/dags/inicial.py","lineno":1,"logger":"py.warnings"}
{"timestamp":"2026-03-13T18:58:35.798560Z","level":"warning","event":"The `airflow.operators.python.PythonOperator` attribute is deprecated. Please use `'airflow.providers.standard.operators.python.PythonOperator'`.","category":"DeprecatedImportWarning","filename":"/opt/airflow/dags/inicial.py","lineno":4,"logger":"py.warnings"}
{"timestamp":"2026-03-13T18:59:05.970651Z","level":"info","event":"Filling up the DagBag from /opt/airflow/dags/inicial.py","logger":"airflow.models.dagbag.BundleDagBag","filename":"dagbag.py","lineno":593}
{"timestamp":"2026-03-13T18:59:05.994561Z","level":"warning","event":"The `airflow.decorators.dag` attribute is deprecated. Please use `'airflow.sdk.dag'`.","category":"DeprecatedImportWarning","filename":"/opt/airflow/dags/inicial.py","lineno":1,"logger":"py.warnings"}
{"timestamp":"2026-03-13T18:59:05.994714Z","level":"warning","event":"The `airflow.decorators.task` attribute is deprecated. Please use `'airflow.sdk.task'`.","category":"DeprecatedImportWarning","filename":"/opt/airflow/dags/inicial.py","lineno":1,"logger":"py.warnings"}
{"timestamp":"2026-03-13T18:59:05.994792Z","level":"warning","event":"The `airflow.operators.python.PythonOperator` attribute is deprecated. Please use `'airflow.providers.standard.operators.python.PythonOperator'`.","category":"DeprecatedImportWarning","filename":"/opt/airflow/dags/inicial.py","lineno":4,"logger":"py.warnings"}
{"timestamp":"2026-03-13T18:59:36.179924Z","level":"info","event":"Filling up the DagBag from /opt/airflow/dags/inicial.py","logger":"airflow.models.dagbag.BundleDagBag","filename":"dagbag.py","lineno":593}
{"timestamp":"2026-03-13T18:59:36.200819Z","level":"warning","event":"The `airflow.decorators.dag` attribute is deprecated. Please use `'airflow.sdk.dag'`.","category":"DeprecatedImportWarning","filename":"/opt/airflow/dags/inicial.py","lineno":1,"logger":"py.warnings"}
{"timestamp":"2026-03-13T18:59:36.200948Z","level":"warning","event":"The `airflow.decorators.task` attribute is deprecated. Please use `'airflow.sdk.task'`.","category":"DeprecatedImportWarning","filename":"/opt/airflow/dags/inicial.py","lineno":1,"logger":"py.warnings"}
{"timestamp":"2026-03-13T18:59:36.201022Z","level":"warning","event":"The `airflow.operators.python.PythonOperator` attribute is deprecated. Please use `'airflow.providers.standard.operators.python.PythonOperator'`.","category":"DeprecatedImportWarning","filename":"/opt/airflow/dags/inicial.py","lineno":4,"logger":"py.warnings"}
{"timestamp":"2026-03-13T19:00:06.285834Z","level":"info","event":"Filling up the DagBag from /opt/airflow/dags/inicial.py","logger":"airflow.models.dagbag.BundleDagBag","filename":"dagbag.py","lineno":593}
{"timestamp":"2026-03-13T19:00:06.308006Z","level":"warning","event":"The `airflow.decorators.dag` attribute is deprecated. Please use `'airflow.sdk.dag'`.","category":"DeprecatedImportWarning","filename":"/opt/airflow/dags/inicial.py","lineno":1,"logger":"py.warnings"}
{"timestamp":"2026-03-13T19:00:06.308124Z","level":"warning","event":"The `airflow.decorators.task` attribute is deprecated. Please use `'airflow.sdk.task'`.","category":"DeprecatedImportWarning","filename":"/opt/airflow/dags/inicial.py","lineno":1,"logger":"py.warnings"}
{"timestamp":"2026-03-13T19:00:06.308210Z","level":"warning","event":"The `airflow.operators.python.PythonOperator` attribute is deprecated. Please use `'airflow.providers.standard.operators.python.PythonOperator'`.","category":"DeprecatedImportWarning","filename":"/opt/airflow/dags/inicial.py","lineno":4,"logger":"py.warnings"}
{"timestamp":"2026-03-13T19:00:36.944766Z","level":"info","event":"Filling up the DagBag from /opt/airflow/dags/inicial.py","logger":"airflow.models.dagbag.BundleDagBag","filename":"dagbag.py","lineno":593}
{"timestamp":"2026-03-13T19:00:36.967790Z","level":"warning","event":"The `airflow.decorators.dag` attribute is deprecated. Please use `'airflow.sdk.dag'`.","category":"DeprecatedImportWarning","filename":"/opt/airflow/dags/inicial.py","lineno":1,"logger":"py.warnings"}
{"timestamp":"2026-03-13T19:00:36.967921Z","level":"warning","event":"The `airflow.decorators.task` attribute is deprecated. Please use `'airflow.sdk.task'`.","category":"DeprecatedImportWarning","filename":"/opt/airflow/dags/inicial.py","lineno":1,"logger":"py.warnings"}
{"timestamp":"2026-03-13T19:00:36.967995Z","level":"warning","event":"The `airflow.operators.python.PythonOperator` attribute is deprecated. Please use `'airflow.providers.standard.operators.python.PythonOperator'`.","category":"DeprecatedImportWarning","filename":"/opt/airflow/dags/inicial.py","lineno":4,"logger":"py.warnings"}
{"timestamp":"2026-03-13T19:01:07.104391Z","level":"info","event":"Filling up the DagBag from /opt/airflow/dags/inicial.py","logger":"airflow.models.dagbag.BundleDagBag","filename":"dagbag.py","lineno":593}
{"timestamp":"2026-03-13T19:01:07.126936Z","level":"warning","event":"The `airflow.decorators.dag` attribute is deprecated. Please use `'airflow.sdk.dag'`.","category":"DeprecatedImportWarning","filename":"/opt/airflow/dags/inicial.py","lineno":1,"logger":"py.warnings"}
{"timestamp":"2026-03-13T19:01:07.127065Z","level":"warning","event":"The `airflow.decorators.task` attribute is deprecated. Please use `'airflow.sdk.task'`.","category":"DeprecatedImportWarning","filename":"/opt/airflow/dags/inicial.py","lineno":1,"logger":"py.warnings"}
{"timestamp":"2026-03-13T19:01:07.127137Z","level":"warning","event":"The `airflow.operators.python.PythonOperator` attribute is deprecated. Please use `'airflow.providers.standard.operators.python.PythonOperator'`.","category":"DeprecatedImportWarning","filename":"/opt/airflow/dags/inicial.py","lineno":4,"logger":"py.warnings"}
{"timestamp":"2026-03-13T19:01:37.337674Z","level":"info","event":"Filling up the DagBag from /opt/airflow/dags/inicial.py","logger":"airflow.models.dagbag.BundleDagBag","filename":"dagbag.py","lineno":593}
{"timestamp":"2026-03-13T19:01:37.357926Z","level":"warning","event":"The `airflow.decorators.dag` attribute is deprecated. Please use `'airflow.sdk.dag'`.","category":"DeprecatedImportWarning","filename":"/opt/airflow/dags/inicial.py","lineno":1,"logger":"py.warnings"}
{"timestamp":"2026-03-13T19:01:37.358045Z","level":"warning","event":"The `airflow.decorators.task` attribute is deprecated. Please use `'airflow.sdk.task'`.","category":"DeprecatedImportWarning","filename":"/opt/airflow/dags/inicial.py","lineno":1,"logger":"py.warnings"}
{"timestamp":"2026-03-13T19:01:37.358117Z","level":"warning","event":"The `airflow.operators.python.PythonOperator` attribute is deprecated. Please use `'airflow.providers.standard.operators.python.PythonOperator'`.","category":"DeprecatedImportWarning","filename":"/opt/airflow/dags/inicial.py","lineno":4,"logger":"py.warnings"}
{"timestamp":"2026-03-13T19:02:07.549012Z","level":"info","event":"Filling up the DagBag from /opt/airflow/dags/inicial.py","logger":"airflow.models.dagbag.BundleDagBag","filename":"dagbag.py","lineno":593}
{"timestamp":"2026-03-13T19:02:07.570903Z","level":"warning","event":"The `airflow.decorators.dag` attribute is deprecated. Please use `'airflow.sdk.dag'`.","category":"DeprecatedImportWarning","filename":"/opt/airflow/dags/inicial.py","lineno":1,"logger":"py.warnings"}
{"timestamp":"2026-03-13T19:02:07.571019Z","level":"warning","event":"The `airflow.decorators.task` attribute is deprecated. Please use `'airflow.sdk.task'`.","category":"DeprecatedImportWarning","filename":"/opt/airflow/dags/inicial.py","lineno":1,"logger":"py.warnings"}
{"timestamp":"2026-03-13T19:02:07.571090Z","level":"warning","event":"The `airflow.operators.python.PythonOperator` attribute is deprecated. Please use `'airflow.providers.standard.operators.python.PythonOperator'`.","category":"DeprecatedImportWarning","filename":"/opt/airflow/dags/inicial.py","lineno":4,"logger":"py.warnings"}
{"timestamp":"2026-03-13T19:02:37.664213Z","level":"info","event":"Filling up the DagBag from /opt/airflow/dags/inicial.py","logger":"airflow.models.dagbag.BundleDagBag","filename":"dagbag.py","lineno":593}
{"timestamp":"2026-03-13T19:02:37.685271Z","level":"warning","event":"The `airflow.decorators.dag` attribute is deprecated. Please use `'airflow.sdk.dag'`.","category":"DeprecatedImportWarning","filename":"/opt/airflow/dags/inicial.py","lineno":1,"logger":"py.warnings"}
{"timestamp":"2026-03-13T19:02:37.685394Z","level":"warning","event":"The `airflow.decorators.task` attribute is deprecated. Please use `'airflow.sdk.task'`.","category":"DeprecatedImportWarning","filename":"/opt/airflow/dags/inicial.py","lineno":1,"logger":"py.warnings"}
{"timestamp":"2026-03-13T19:02:37.685466Z","level":"warning","event":"The `airflow.operators.python.PythonOperator` attribute is deprecated. Please use `'airflow.providers.standard.operators.python.PythonOperator'`.","category":"DeprecatedImportWarning","filename":"/opt/airflow/dags/inicial.py","lineno":4,"logger":"py.warnings"}
{"timestamp":"2026-03-13T19:03:08.087729Z","level":"info","event":"Filling up the DagBag from /opt/airflow/dags/inicial.py","logger":"airflow.models.dagbag.BundleDagBag","filename":"dagbag.py","lineno":593}
{"timestamp":"2026-03-13T19:03:08.108616Z","level":"warning","event":"The `airflow.decorators.dag` attribute is deprecated. Please use `'airflow.sdk.dag'`.","category":"DeprecatedImportWarning","filename":"/opt/airflow/dags/inicial.py","lineno":1,"logger":"py.warnings"}
{"timestamp":"2026-03-13T19:03:08.108758Z","level":"warning","event":"The `airflow.decorators.task` attribute is deprecated. Please use `'airflow.sdk.task'`.","category":"DeprecatedImportWarning","filename":"/opt/airflow/dags/inicial.py","lineno":1,"logger":"py.warnings"}
{"timestamp":"2026-03-13T19:03:08.108832Z","level":"warning","event":"The `airflow.operators.python.PythonOperator` attribute is deprecated. Please use `'airflow.providers.standard.operators.python.PythonOperator'`.","category":"DeprecatedImportWarning","filename":"/opt/airflow/dags/inicial.py","lineno":4,"logger":"py.warnings"}
{"timestamp":"2026-03-13T19:03:38.286589Z","level":"info","event":"Filling up the DagBag from /opt/airflow/dags/inicial.py","logger":"airflow.models.dagbag.BundleDagBag","filename":"dagbag.py","lineno":593}
{"timestamp":"2026-03-13T19:03:38.311078Z","level":"warning","event":"The `airflow.decorators.dag` attribute is deprecated. Please use `'airflow.sdk.dag'`.","category":"DeprecatedImportWarning","filename":"/opt/airflow/dags/inicial.py","lineno":1,"logger":"py.warnings"}
{"timestamp":"2026-03-13T19:03:38.311353Z","level":"warning","event":"The `airflow.decorators.task` attribute is deprecated. Please use `'airflow.sdk.task'`.","category":"DeprecatedImportWarning","filename":"/opt/airflow/dags/inicial.py","lineno":1,"logger":"py.warnings"}
{"timestamp":"2026-03-13T19:03:38.311445Z","level":"warning","event":"The `airflow.operators.python.PythonOperator` attribute is deprecated. Please use `'airflow.providers.standard.operators.python.PythonOperator'`.","category":"DeprecatedImportWarning","filename":"/opt/airflow/dags/inicial.py","lineno":4,"logger":"py.warnings"}
{"timestamp":"2026-03-13T19:04:08.520700Z","level":"info","event":"Filling up the DagBag from /opt/airflow/dags/inicial.py","logger":"airflow.models.dagbag.BundleDagBag","filename":"dagbag.py","lineno":593}
{"timestamp":"2026-03-13T19:04:08.541003Z","level":"warning","event":"The `airflow.decorators.dag` attribute is deprecated. Please use `'airflow.sdk.dag'`.","category":"DeprecatedImportWarning","filename":"/opt/airflow/dags/inicial.py","lineno":1,"logger":"py.warnings"}
{"timestamp":"2026-03-13T19:04:08.541162Z","level":"warning","event":"The `airflow.decorators.task` attribute is deprecated. Please use `'airflow.sdk.task'`.","category":"DeprecatedImportWarning","filename":"/opt/airflow/dags/inicial.py","lineno":1,"logger":"py.warnings"}
{"timestamp":"2026-03-13T19:04:08.541242Z","level":"warning","event":"The `airflow.operators.python.PythonOperator` attribute is deprecated. Please use `'airflow.providers.standard.operators.python.PythonOperator'`.","category":"DeprecatedImportWarning","filename":"/opt/airflow/dags/inicial.py","lineno":4,"logger":"py.warnings"}
{"timestamp":"2026-03-13T19:04:38.699068Z","level":"info","event":"Filling up the DagBag from /opt/airflow/dags/inicial.py","logger":"airflow.models.dagbag.BundleDagBag","filename":"dagbag.py","lineno":593}
{"timestamp":"2026-03-13T19:04:38.719192Z","level":"warning","event":"The `airflow.decorators.dag` attribute is deprecated. Please use `'airflow.sdk.dag'`.","category":"DeprecatedImportWarning","filename":"/opt/airflow/dags/inicial.py","lineno":1,"logger":"py.warnings"}
{"timestamp":"2026-03-13T19:04:38.719317Z","level":"warning","event":"The `airflow.decorators.task` attribute is deprecated. Please use `'airflow.sdk.task'`.","category":"DeprecatedImportWarning","filename":"/opt/airflow/dags/inicial.py","lineno":1,"logger":"py.warnings"}
{"timestamp":"2026-03-13T19:04:38.719429Z","level":"warning","event":"The `airflow.operators.python.PythonOperator` attribute is deprecated. Please use `'airflow.providers.standard.operators.python.PythonOperator'`.","category":"DeprecatedImportWarning","filename":"/opt/airflow/dags/inicial.py","lineno":4,"logger":"py.warnings"}
{"timestamp":"2026-03-13T19:05:09.050730Z","level":"info","event":"Filling up the DagBag from /opt/airflow/dags/inicial.py","logger":"airflow.models.dagbag.BundleDagBag","filename":"dagbag.py","lineno":593}
{"timestamp":"2026-03-13T19:05:09.075850Z","level":"warning","event":"The `airflow.decorators.dag` attribute is deprecated. Please use `'airflow.sdk.dag'`.","category":"DeprecatedImportWarning","filename":"/opt/airflow/dags/inicial.py","lineno":1,"logger":"py.warnings"}
{"timestamp":"2026-03-13T19:05:09.076004Z","level":"warning","event":"The `airflow.decorators.task` attribute is deprecated. Please use `'airflow.sdk.task'`.","category":"DeprecatedImportWarning","filename":"/opt/airflow/dags/inicial.py","lineno":1,"logger":"py.warnings"}
{"timestamp":"2026-03-13T19:05:09.076084Z","level":"warning","event":"The `airflow.operators.python.PythonOperator` attribute is deprecated. Please use `'airflow.providers.standard.operators.python.PythonOperator'`.","category":"DeprecatedImportWarning","filename":"/opt/airflow/dags/inicial.py","lineno":4,"logger":"py.warnings"}
{"timestamp":"2026-03-13T19:05:39.244980Z","level":"info","event":"Filling up the DagBag from /opt/airflow/dags/inicial.py","logger":"airflow.models.dagbag.BundleDagBag","filename":"dagbag.py","lineno":593}
{"timestamp":"2026-03-13T19:05:39.269706Z","level":"warning","event":"The `airflow.decorators.dag` attribute is deprecated. Please use `'airflow.sdk.dag'`.","category":"DeprecatedImportWarning","filename":"/opt/airflow/dags/inicial.py","lineno":1,"logger":"py.warnings"}
{"timestamp":"2026-03-13T19:05:39.269868Z","level":"warning","event":"The `airflow.decorators.task` attribute is deprecated. Please use `'airflow.sdk.task'`.","category":"DeprecatedImportWarning","filename":"/opt/airflow/dags/inicial.py","lineno":1,"logger":"py.warnings"}
{"timestamp":"2026-03-13T19:05:39.269979Z","level":"warning","event":"The `airflow.operators.python.PythonOperator` attribute is deprecated. Please use `'airflow.providers.standard.operators.python.PythonOperator'`.","category":"DeprecatedImportWarning","filename":"/opt/airflow/dags/inicial.py","lineno":4,"logger":"py.warnings"}
{"timestamp":"2026-03-13T19:06:09.428638Z","level":"info","event":"Filling up the DagBag from /opt/airflow/dags/inicial.py","logger":"airflow.models.dagbag.BundleDagBag","filename":"dagbag.py","lineno":593}
{"timestamp":"2026-03-13T19:06:09.452612Z","level":"warning","event":"The `airflow.decorators.dag` attribute is deprecated. Please use `'airflow.sdk.dag'`.","category":"DeprecatedImportWarning","filename":"/opt/airflow/dags/inicial.py","lineno":1,"logger":"py.warnings"}
{"timestamp":"2026-03-13T19:06:09.452725Z","level":"warning","event":"The `airflow.decorators.task` attribute is deprecated. Please use `'airflow.sdk.task'`.","category":"DeprecatedImportWarning","filename":"/opt/airflow/dags/inicial.py","lineno":1,"logger":"py.warnings"}
{"timestamp":"2026-03-13T19:06:09.452797Z","level":"warning","event":"The `airflow.operators.python.PythonOperator` attribute is deprecated. Please use `'airflow.providers.standard.operators.python.PythonOperator'`.","category":"DeprecatedImportWarning","filename":"/opt/airflow/dags/inicial.py","lineno":4,"logger":"py.warnings"}
{"timestamp":"2026-03-13T19:06:39.575098Z","level":"info","event":"Filling up the DagBag from /opt/airflow/dags/inicial.py","logger":"airflow.models.dagbag.BundleDagBag","filename":"dagbag.py","lineno":593}
{"timestamp":"2026-03-13T19:06:39.600819Z","level":"warning","event":"The `airflow.decorators.dag` attribute is deprecated. Please use `'airflow.sdk.dag'`.","category":"DeprecatedImportWarning","filename":"/opt/airflow/dags/inicial.py","lineno":1,"logger":"py.warnings"}
{"timestamp":"2026-03-13T19:06:39.600952Z","level":"warning","event":"The `airflow.decorators.task` attribute is deprecated. Please use `'airflow.sdk.task'`.","category":"DeprecatedImportWarning","filename":"/opt/airflow/dags/inicial.py","lineno":1,"logger":"py.warnings"}
{"timestamp":"2026-03-13T19:06:39.601025Z","level":"warning","event":"The `airflow.operators.python.PythonOperator` attribute is deprecated. Please use `'airflow.providers.standard.operators.python.PythonOperator'`.","category":"DeprecatedImportWarning","filename":"/opt/airflow/dags/inicial.py","lineno":4,"logger":"py.warnings"}
{"timestamp":"2026-03-13T19:07:09.819969Z","level":"info","event":"Filling up the DagBag from /opt/airflow/dags/inicial.py","logger":"airflow.models.dagbag.BundleDagBag","filename":"dagbag.py","lineno":593}
{"timestamp":"2026-03-13T19:07:09.840583Z","level":"warning","event":"The `airflow.decorators.dag` attribute is deprecated. Please use `'airflow.sdk.dag'`.","category":"DeprecatedImportWarning","filename":"/opt/airflow/dags/inicial.py","lineno":1,"logger":"py.warnings"}
{"timestamp":"2026-03-13T19:07:09.840719Z","level":"warning","event":"The `airflow.decorators.task` attribute is deprecated. Please use `'airflow.sdk.task'`.","category":"DeprecatedImportWarning","filename":"/opt/airflow/dags/inicial.py","lineno":1,"logger":"py.warnings"}
{"timestamp":"2026-03-13T19:07:09.840790Z","level":"warning","event":"The `airflow.operators.python.PythonOperator` attribute is deprecated. Please use `'airflow.providers.standard.operators.python.PythonOperator'`.","category":"DeprecatedImportWarning","filename":"/opt/airflow/dags/inicial.py","lineno":4,"logger":"py.warnings"}
{"timestamp":"2026-03-13T19:07:40.028790Z","level":"info","event":"Filling up the DagBag from /opt/airflow/dags/inicial.py","logger":"airflow.models.dagbag.BundleDagBag","filename":"dagbag.py","lineno":593}
{"timestamp":"2026-03-13T19:07:40.057021Z","level":"warning","event":"The `airflow.decorators.dag` attribute is deprecated. Please use `'airflow.sdk.dag'`.","category":"DeprecatedImportWarning","filename":"/opt/airflow/dags/inicial.py","lineno":1,"logger":"py.warnings"}
{"timestamp":"2026-03-13T19:07:40.057175Z","level":"warning","event":"The `airflow.decorators.task` attribute is deprecated. Please use `'airflow.sdk.task'`.","category":"DeprecatedImportWarning","filename":"/opt/airflow/dags/inicial.py","lineno":1,"logger":"py.warnings"}
{"timestamp":"2026-03-13T19:07:40.057252Z","level":"warning","event":"The `airflow.operators.python.PythonOperator` attribute is deprecated. Please use `'airflow.providers.standard.operators.python.PythonOperator'`.","category":"DeprecatedImportWarning","filename":"/opt/airflow/dags/inicial.py","lineno":4,"logger":"py.warnings"}
{"timestamp":"2026-03-13T19:08:10.324431Z","level":"info","event":"Filling up the DagBag from /opt/airflow/dags/inicial.py","logger":"airflow.models.dagbag.BundleDagBag","filename":"dagbag.py","lineno":593}
{"timestamp":"2026-03-13T19:08:10.345099Z","level":"warning","event":"The `airflow.decorators.dag` attribute is deprecated. Please use `'airflow.sdk.dag'`.","category":"DeprecatedImportWarning","filename":"/opt/airflow/dags/inicial.py","lineno":1,"logger":"py.warnings"}
{"timestamp":"2026-03-13T19:08:10.345241Z","level":"warning","event":"The `airflow.decorators.task` attribute is deprecated. Please use `'airflow.sdk.task'`.","category":"DeprecatedImportWarning","filename":"/opt/airflow/dags/inicial.py","lineno":1,"logger":"py.warnings"}
{"timestamp":"2026-03-13T19:08:10.345316Z","level":"warning","event":"The `airflow.operators.python.PythonOperator` attribute is deprecated. Please use `'airflow.providers.standard.operators.python.PythonOperator'`.","category":"DeprecatedImportWarning","filename":"/opt/airflow/dags/inicial.py","lineno":4,"logger":"py.warnings"}
{"timestamp":"2026-03-13T19:08:40.518203Z","level":"info","event":"Filling up the DagBag from /opt/airflow/dags/inicial.py","logger":"airflow.models.dagbag.BundleDagBag","filename":"dagbag.py","lineno":593}
{"timestamp":"2026-03-13T19:08:40.540721Z","level":"warning","event":"The `airflow.decorators.dag` attribute is deprecated. Please use `'airflow.sdk.dag'`.","category":"DeprecatedImportWarning","filename":"/opt/airflow/dags/inicial.py","lineno":1,"logger":"py.warnings"}
{"timestamp":"2026-03-13T19:08:40.540880Z","level":"warning","event":"The `airflow.decorators.task` attribute is deprecated. Please use `'airflow.sdk.task'`.","category":"DeprecatedImportWarning","filename":"/opt/airflow/dags/inicial.py","lineno":1,"logger":"py.warnings"}
{"timestamp":"2026-03-13T19:08:40.540959Z","level":"warning","event":"The `airflow.operators.python.PythonOperator` attribute is deprecated. Please use `'airflow.providers.standard.operators.python.PythonOperator'`.","category":"DeprecatedImportWarning","filename":"/opt/airflow/dags/inicial.py","lineno":4,"logger":"py.warnings"}
{"timestamp":"2026-03-13T19:09:10.723163Z","level":"info","event":"Filling up the DagBag from /opt/airflow/dags/inicial.py","logger":"airflow.models.dagbag.BundleDagBag","filename":"dagbag.py","lineno":593}
{"timestamp":"2026-03-13T19:09:10.751040Z","level":"warning","event":"The `airflow.decorators.dag` attribute is deprecated. Please use `'airflow.sdk.dag'`.","category":"DeprecatedImportWarning","filename":"/opt/airflow/dags/inicial.py","lineno":1,"logger":"py.warnings"}
{"timestamp":"2026-03-13T19:09:10.751196Z","level":"warning","event":"The `airflow.decorators.task` attribute is deprecated. Please use `'airflow.sdk.task'`.","category":"DeprecatedImportWarning","filename":"/opt/airflow/dags/inicial.py","lineno":1,"logger":"py.warnings"}
{"timestamp":"2026-03-13T19:09:10.751277Z","level":"warning","event":"The `airflow.operators.python.PythonOperator` attribute is deprecated. Please use `'airflow.providers.standard.operators.python.PythonOperator'`.","category":"DeprecatedImportWarning","filename":"/opt/airflow/dags/inicial.py","lineno":4,"logger":"py.warnings"}
{"timestamp":"2026-03-13T19:09:40.971365Z","level":"info","event":"Filling up the DagBag from /opt/airflow/dags/inicial.py","logger":"airflow.models.dagbag.BundleDagBag","filename":"dagbag.py","lineno":593}
{"timestamp":"2026-03-13T19:09:40.996149Z","level":"warning","event":"The `airflow.decorators.dag` attribute is deprecated. Please use `'airflow.sdk.dag'`.","category":"DeprecatedImportWarning","filename":"/opt/airflow/dags/inicial.py","lineno":1,"logger":"py.warnings"}
{"timestamp":"2026-03-13T19:09:40.996320Z","level":"warning","event":"The `airflow.decorators.task` attribute is deprecated. Please use `'airflow.sdk.task'`.","category":"DeprecatedImportWarning","filename":"/opt/airflow/dags/inicial.py","lineno":1,"logger":"py.warnings"}
{"timestamp":"2026-03-13T19:09:40.996399Z","level":"warning","event":"The `airflow.operators.python.PythonOperator` attribute is deprecated. Please use `'airflow.providers.standard.operators.python.PythonOperator'`.","category":"DeprecatedImportWarning","filename":"/opt/airflow/dags/inicial.py","lineno":4,"logger":"py.warnings"}
{"timestamp":"2026-03-13T19:10:11.209282Z","level":"info","event":"Filling up the DagBag from /opt/airflow/dags/inicial.py","logger":"airflow.models.dagbag.BundleDagBag","filename":"dagbag.py","lineno":593}
{"timestamp":"2026-03-13T19:10:11.233473Z","level":"warning","event":"The `airflow.decorators.dag` attribute is deprecated. Please use `'airflow.sdk.dag'`.","category":"DeprecatedImportWarning","filename":"/opt/airflow/dags/inicial.py","lineno":1,"logger":"py.warnings"}
{"timestamp":"2026-03-13T19:10:11.233620Z","level":"warning","event":"The `airflow.decorators.task` attribute is deprecated. Please use `'airflow.sdk.task'`.","category":"DeprecatedImportWarning","filename":"/opt/airflow/dags/inicial.py","lineno":1,"logger":"py.warnings"}
{"timestamp":"2026-03-13T19:10:11.233691Z","level":"warning","event":"The `airflow.operators.python.PythonOperator` attribute is deprecated. Please use `'airflow.providers.standard.operators.python.PythonOperator'`.","category":"DeprecatedImportWarning","filename":"/opt/airflow/dags/inicial.py","lineno":4,"logger":"py.warnings"}
{"timestamp":"2026-03-13T19:10:41.365896Z","level":"info","event":"Filling up the DagBag from /opt/airflow/dags/inicial.py","logger":"airflow.models.dagbag.BundleDagBag","filename":"dagbag.py","lineno":593}
{"timestamp":"2026-03-13T19:10:41.388780Z","level":"warning","event":"The `airflow.decorators.dag` attribute is deprecated. Please use `'airflow.sdk.dag'`.","category":"DeprecatedImportWarning","filename":"/opt/airflow/dags/inicial.py","lineno":1,"logger":"py.warnings"}
{"timestamp":"2026-03-13T19:10:41.388934Z","level":"warning","event":"The `airflow.decorators.task` attribute is deprecated. Please use `'airflow.sdk.task'`.","category":"DeprecatedImportWarning","filename":"/opt/airflow/dags/inicial.py","lineno":1,"logger":"py.warnings"}
{"timestamp":"2026-03-13T19:10:41.389011Z","level":"warning","event":"The `airflow.operators.python.PythonOperator` attribute is deprecated. Please use `'airflow.providers.standard.operators.python.PythonOperator'`.","category":"DeprecatedImportWarning","filename":"/opt/airflow/dags/inicial.py","lineno":4,"logger":"py.warnings"}
{"timestamp":"2026-03-13T19:11:11.502077Z","level":"info","event":"Filling up the DagBag from /opt/airflow/dags/inicial.py","logger":"airflow.models.dagbag.BundleDagBag","filename":"dagbag.py","lineno":593}
{"timestamp":"2026-03-13T19:11:11.525015Z","level":"warning","event":"The `airflow.decorators.dag` attribute is deprecated. Please use `'airflow.sdk.dag'`.","category":"DeprecatedImportWarning","filename":"/opt/airflow/dags/inicial.py","lineno":1,"logger":"py.warnings"}
{"timestamp":"2026-03-13T19:11:11.525178Z","level":"warning","event":"The `airflow.decorators.task` attribute is deprecated. Please use `'airflow.sdk.task'`.","category":"DeprecatedImportWarning","filename":"/opt/airflow/dags/inicial.py","lineno":1,"logger":"py.warnings"}
{"timestamp":"2026-03-13T19:11:11.525266Z","level":"warning","event":"The `airflow.operators.python.PythonOperator` attribute is deprecated. Please use `'airflow.providers.standard.operators.python.PythonOperator'`.","category":"DeprecatedImportWarning","filename":"/opt/airflow/dags/inicial.py","lineno":4,"logger":"py.warnings"}
{"timestamp":"2026-03-13T19:11:41.750909Z","level":"info","event":"Filling up the DagBag from /opt/airflow/dags/inicial.py","logger":"airflow.models.dagbag.BundleDagBag","filename":"dagbag.py","lineno":593}
{"timestamp":"2026-03-13T19:11:41.774152Z","level":"warning","event":"The `airflow.decorators.dag` attribute is deprecated. Please use `'airflow.sdk.dag'`.","category":"DeprecatedImportWarning","filename":"/opt/airflow/dags/inicial.py","lineno":1,"logger":"py.warnings"}
{"timestamp":"2026-03-13T19:11:41.774300Z","level":"warning","event":"The `airflow.decorators.task` attribute is deprecated. Please use `'airflow.sdk.task'`.","category":"DeprecatedImportWarning","filename":"/opt/airflow/dags/inicial.py","lineno":1,"logger":"py.warnings"}
{"timestamp":"2026-03-13T19:11:41.774376Z","level":"warning","event":"The `airflow.operators.python.PythonOperator` attribute is deprecated. Please use `'airflow.providers.standard.operators.python.PythonOperator'`.","category":"DeprecatedImportWarning","filename":"/opt/airflow/dags/inicial.py","lineno":4,"logger":"py.warnings"}
{"timestamp":"2026-03-13T19:12:12.103185Z","level":"info","event":"Filling up the DagBag from /opt/airflow/dags/inicial.py","logger":"airflow.models.dagbag.BundleDagBag","filename":"dagbag.py","lineno":593}
{"timestamp":"2026-03-13T19:12:12.127800Z","level":"warning","event":"The `airflow.decorators.dag` attribute is deprecated. Please use `'airflow.sdk.dag'`.","category":"DeprecatedImportWarning","filename":"/opt/airflow/dags/inicial.py","lineno":1,"logger":"py.warnings"}
{"timestamp":"2026-03-13T19:12:12.127965Z","level":"warning","event":"The `airflow.decorators.task` attribute is deprecated. Please use `'airflow.sdk.task'`.","category":"DeprecatedImportWarning","filename":"/opt/airflow/dags/inicial.py","lineno":1,"logger":"py.warnings"}
{"timestamp":"2026-03-13T19:12:12.128046Z","level":"warning","event":"The `airflow.operators.python.PythonOperator` attribute is deprecated. Please use `'airflow.providers.standard.operators.python.PythonOperator'`.","category":"DeprecatedImportWarning","filename":"/opt/airflow/dags/inicial.py","lineno":4,"logger":"py.warnings"}
