{"timestamp":"2026-03-13T18:44:24.268725Z","level":"info","event":"Filling up the DagBag from /opt/airflow/dags/mover.py","logger":"airflow.models.dagbag.BundleDagBag","filename":"dagbag.py","lineno":593}
{"timestamp":"2026-03-13T18:44:24.296015Z","level":"warning","event":"The `airflow.decorators.dag` attribute is deprecated. Please use `'airflow.sdk.dag'`.","category":"DeprecatedImportWarning","filename":"/opt/airflow/dags/mover.py","lineno":1,"logger":"py.warnings"}
{"timestamp":"2026-03-13T18:44:24.296162Z","level":"warning","event":"The `airflow.decorators.task` attribute is deprecated. Please use `'airflow.sdk.task'`.","category":"DeprecatedImportWarning","filename":"/opt/airflow/dags/mover.py","lineno":1,"logger":"py.warnings"}
{"timestamp":"2026-03-13T18:44:24.296237Z","level":"warning","event":"The `airflow.operators.bash.BashOperator` attribute is deprecated. Please use `'airflow.providers.standard.operators.bash.BashOperator'`.","category":"DeprecatedImportWarning","filename":"/opt/airflow/dags/mover.py","lineno":2,"logger":"py.warnings"}
{"timestamp":"2026-03-13T18:44:54.487161Z","level":"info","event":"Filling up the DagBag from /opt/airflow/dags/mover.py","logger":"airflow.models.dagbag.BundleDagBag","filename":"dagbag.py","lineno":593}
{"timestamp":"2026-03-13T18:44:54.510407Z","level":"warning","event":"The `airflow.decorators.dag` attribute is deprecated. Please use `'airflow.sdk.dag'`.","category":"DeprecatedImportWarning","filename":"/opt/airflow/dags/mover.py","lineno":1,"logger":"py.warnings"}
{"timestamp":"2026-03-13T18:44:54.510566Z","level":"warning","event":"The `airflow.decorators.task` attribute is deprecated. Please use `'airflow.sdk.task'`.","category":"DeprecatedImportWarning","filename":"/opt/airflow/dags/mover.py","lineno":1,"logger":"py.warnings"}
{"timestamp":"2026-03-13T18:44:54.510641Z","level":"warning","event":"The `airflow.operators.bash.BashOperator` attribute is deprecated. Please use `'airflow.providers.standard.operators.bash.BashOperator'`.","category":"DeprecatedImportWarning","filename":"/opt/airflow/dags/mover.py","lineno":2,"logger":"py.warnings"}
{"timestamp":"2026-03-13T18:45:24.941660Z","level":"info","event":"Filling up the DagBag from /opt/airflow/dags/mover.py","logger":"airflow.models.dagbag.BundleDagBag","filename":"dagbag.py","lineno":593}
{"timestamp":"2026-03-13T18:45:24.964994Z","level":"warning","event":"The `airflow.decorators.dag` attribute is deprecated. Please use `'airflow.sdk.dag'`.","category":"DeprecatedImportWarning","filename":"/opt/airflow/dags/mover.py","lineno":1,"logger":"py.warnings"}
{"timestamp":"2026-03-13T18:45:24.965119Z","level":"warning","event":"The `airflow.decorators.task` attribute is deprecated. Please use `'airflow.sdk.task'`.","category":"DeprecatedImportWarning","filename":"/opt/airflow/dags/mover.py","lineno":1,"logger":"py.warnings"}
{"timestamp":"2026-03-13T18:45:24.965201Z","level":"warning","event":"The `airflow.operators.bash.BashOperator` attribute is deprecated. Please use `'airflow.providers.standard.operators.bash.BashOperator'`.","category":"DeprecatedImportWarning","filename":"/opt/airflow/dags/mover.py","lineno":2,"logger":"py.warnings"}
{"timestamp":"2026-03-13T18:45:55.046463Z","level":"info","event":"Filling up the DagBag from /opt/airflow/dags/mover.py","logger":"airflow.models.dagbag.BundleDagBag","filename":"dagbag.py","lineno":593}
{"timestamp":"2026-03-13T18:45:55.067932Z","level":"warning","event":"The `airflow.decorators.dag` attribute is deprecated. Please use `'airflow.sdk.dag'`.","category":"DeprecatedImportWarning","filename":"/opt/airflow/dags/mover.py","lineno":1,"logger":"py.warnings"}
{"timestamp":"2026-03-13T18:45:55.068063Z","level":"warning","event":"The `airflow.decorators.task` attribute is deprecated. Please use `'airflow.sdk.task'`.","category":"DeprecatedImportWarning","filename":"/opt/airflow/dags/mover.py","lineno":1,"logger":"py.warnings"}
{"timestamp":"2026-03-13T18:45:55.068135Z","level":"warning","event":"The `airflow.operators.bash.BashOperator` attribute is deprecated. Please use `'airflow.providers.standard.operators.bash.BashOperator'`.","category":"DeprecatedImportWarning","filename":"/opt/airflow/dags/mover.py","lineno":2,"logger":"py.warnings"}
{"timestamp":"2026-03-13T18:46:25.150186Z","level":"info","event":"Filling up the DagBag from /opt/airflow/dags/mover.py","logger":"airflow.models.dagbag.BundleDagBag","filename":"dagbag.py","lineno":593}
{"timestamp":"2026-03-13T18:46:25.171367Z","level":"warning","event":"The `airflow.decorators.dag` attribute is deprecated. Please use `'airflow.sdk.dag'`.","category":"DeprecatedImportWarning","filename":"/opt/airflow/dags/mover.py","lineno":1,"logger":"py.warnings"}
{"timestamp":"2026-03-13T18:46:25.171630Z","level":"warning","event":"The `airflow.decorators.task` attribute is deprecated. Please use `'airflow.sdk.task'`.","category":"DeprecatedImportWarning","filename":"/opt/airflow/dags/mover.py","lineno":1,"logger":"py.warnings"}
{"timestamp":"2026-03-13T18:46:25.171702Z","level":"warning","event":"The `airflow.operators.bash.BashOperator` attribute is deprecated. Please use `'airflow.providers.standard.operators.bash.BashOperator'`.","category":"DeprecatedImportWarning","filename":"/opt/airflow/dags/mover.py","lineno":2,"logger":"py.warnings"}
{"timestamp":"2026-03-13T18:46:55.341644Z","level":"info","event":"Filling up the DagBag from /opt/airflow/dags/mover.py","logger":"airflow.models.dagbag.BundleDagBag","filename":"dagbag.py","lineno":593}
{"timestamp":"2026-03-13T18:46:55.366338Z","level":"warning","event":"The `airflow.decorators.dag` attribute is deprecated. Please use `'airflow.sdk.dag'`.","category":"DeprecatedImportWarning","filename":"/opt/airflow/dags/mover.py","lineno":1,"logger":"py.warnings"}
{"timestamp":"2026-03-13T18:46:55.366467Z","level":"warning","event":"The `airflow.decorators.task` attribute is deprecated. Please use `'airflow.sdk.task'`.","category":"DeprecatedImportWarning","filename":"/opt/airflow/dags/mover.py","lineno":1,"logger":"py.warnings"}
{"timestamp":"2026-03-13T18:46:55.366543Z","level":"warning","event":"The `airflow.operators.bash.BashOperator` attribute is deprecated. Please use `'airflow.providers.standard.operators.bash.BashOperator'`.","category":"DeprecatedImportWarning","filename":"/opt/airflow/dags/mover.py","lineno":2,"logger":"py.warnings"}
{"timestamp":"2026-03-13T18:47:25.701453Z","level":"info","event":"Filling up the DagBag from /opt/airflow/dags/mover.py","logger":"airflow.models.dagbag.BundleDagBag","filename":"dagbag.py","lineno":593}
{"timestamp":"2026-03-13T18:47:25.723240Z","level":"warning","event":"The `airflow.decorators.dag` attribute is deprecated. Please use `'airflow.sdk.dag'`.","category":"DeprecatedImportWarning","filename":"/opt/airflow/dags/mover.py","lineno":1,"logger":"py.warnings"}
{"timestamp":"2026-03-13T18:47:25.723358Z","level":"warning","event":"The `airflow.decorators.task` attribute is deprecated. Please use `'airflow.sdk.task'`.","category":"DeprecatedImportWarning","filename":"/opt/airflow/dags/mover.py","lineno":1,"logger":"py.warnings"}
{"timestamp":"2026-03-13T18:47:25.723428Z","level":"warning","event":"The `airflow.operators.bash.BashOperator` attribute is deprecated. Please use `'airflow.providers.standard.operators.bash.BashOperator'`.","category":"DeprecatedImportWarning","filename":"/opt/airflow/dags/mover.py","lineno":2,"logger":"py.warnings"}
{"timestamp":"2026-03-13T18:47:56.129577Z","level":"info","event":"Filling up the DagBag from /opt/airflow/dags/mover.py","logger":"airflow.models.dagbag.BundleDagBag","filename":"dagbag.py","lineno":593}
{"timestamp":"2026-03-13T18:47:56.151692Z","level":"warning","event":"The `airflow.decorators.dag` attribute is deprecated. Please use `'airflow.sdk.dag'`.","category":"DeprecatedImportWarning","filename":"/opt/airflow/dags/mover.py","lineno":1,"logger":"py.warnings"}
{"timestamp":"2026-03-13T18:47:56.151817Z","level":"warning","event":"The `airflow.decorators.task` attribute is deprecated. Please use `'airflow.sdk.task'`.","category":"DeprecatedImportWarning","filename":"/opt/airflow/dags/mover.py","lineno":1,"logger":"py.warnings"}
{"timestamp":"2026-03-13T18:47:56.151898Z","level":"warning","event":"The `airflow.operators.bash.BashOperator` attribute is deprecated. Please use `'airflow.providers.standard.operators.bash.BashOperator'`.","category":"DeprecatedImportWarning","filename":"/opt/airflow/dags/mover.py","lineno":2,"logger":"py.warnings"}
{"timestamp":"2026-03-13T18:48:26.297613Z","level":"info","event":"Filling up the DagBag from /opt/airflow/dags/mover.py","logger":"airflow.models.dagbag.BundleDagBag","filename":"dagbag.py","lineno":593}
{"timestamp":"2026-03-13T18:48:26.319602Z","level":"warning","event":"The `airflow.decorators.dag` attribute is deprecated. Please use `'airflow.sdk.dag'`.","category":"DeprecatedImportWarning","filename":"/opt/airflow/dags/mover.py","lineno":1,"logger":"py.warnings"}
{"timestamp":"2026-03-13T18:48:26.319748Z","level":"warning","event":"The `airflow.decorators.task` attribute is deprecated. Please use `'airflow.sdk.task'`.","category":"DeprecatedImportWarning","filename":"/opt/airflow/dags/mover.py","lineno":1,"logger":"py.warnings"}
{"timestamp":"2026-03-13T18:48:26.319823Z","level":"warning","event":"The `airflow.operators.bash.BashOperator` attribute is deprecated. Please use `'airflow.providers.standard.operators.bash.BashOperator'`.","category":"DeprecatedImportWarning","filename":"/opt/airflow/dags/mover.py","lineno":2,"logger":"py.warnings"}
{"timestamp":"2026-03-13T18:48:57.197450Z","level":"info","event":"Filling up the DagBag from /opt/airflow/dags/mover.py","logger":"airflow.models.dagbag.BundleDagBag","filename":"dagbag.py","lineno":593}
{"timestamp":"2026-03-13T18:48:57.220738Z","level":"warning","event":"The `airflow.decorators.dag` attribute is deprecated. Please use `'airflow.sdk.dag'`.","category":"DeprecatedImportWarning","filename":"/opt/airflow/dags/mover.py","lineno":1,"logger":"py.warnings"}
{"timestamp":"2026-03-13T18:48:57.220936Z","level":"warning","event":"The `airflow.decorators.task` attribute is deprecated. Please use `'airflow.sdk.task'`.","category":"DeprecatedImportWarning","filename":"/opt/airflow/dags/mover.py","lineno":1,"logger":"py.warnings"}
{"timestamp":"2026-03-13T18:48:57.221055Z","level":"warning","event":"The `airflow.operators.bash.BashOperator` attribute is deprecated. Please use `'airflow.providers.standard.operators.bash.BashOperator'`.","category":"DeprecatedImportWarning","filename":"/opt/airflow/dags/mover.py","lineno":2,"logger":"py.warnings"}
{"timestamp":"2026-03-13T18:49:27.431076Z","level":"info","event":"Filling up the DagBag from /opt/airflow/dags/mover.py","logger":"airflow.models.dagbag.BundleDagBag","filename":"dagbag.py","lineno":593}
{"timestamp":"2026-03-13T18:49:27.455020Z","level":"warning","event":"The `airflow.decorators.dag` attribute is deprecated. Please use `'airflow.sdk.dag'`.","category":"DeprecatedImportWarning","filename":"/opt/airflow/dags/mover.py","lineno":1,"logger":"py.warnings"}
{"timestamp":"2026-03-13T18:49:27.455163Z","level":"warning","event":"The `airflow.decorators.task` attribute is deprecated. Please use `'airflow.sdk.task'`.","category":"DeprecatedImportWarning","filename":"/opt/airflow/dags/mover.py","lineno":1,"logger":"py.warnings"}
{"timestamp":"2026-03-13T18:49:27.455236Z","level":"warning","event":"The `airflow.operators.bash.BashOperator` attribute is deprecated. Please use `'airflow.providers.standard.operators.bash.BashOperator'`.","category":"DeprecatedImportWarning","filename":"/opt/airflow/dags/mover.py","lineno":2,"logger":"py.warnings"}
{"timestamp":"2026-03-13T18:49:57.753089Z","level":"info","event":"Filling up the DagBag from /opt/airflow/dags/mover.py","logger":"airflow.models.dagbag.BundleDagBag","filename":"dagbag.py","lineno":593}
{"timestamp":"2026-03-13T18:49:57.783438Z","level":"warning","event":"The `airflow.decorators.dag` attribute is deprecated. Please use `'airflow.sdk.dag'`.","category":"DeprecatedImportWarning","filename":"/opt/airflow/dags/mover.py","lineno":1,"logger":"py.warnings"}
{"timestamp":"2026-03-13T18:49:57.783619Z","level":"warning","event":"The `airflow.decorators.task` attribute is deprecated. Please use `'airflow.sdk.task'`.","category":"DeprecatedImportWarning","filename":"/opt/airflow/dags/mover.py","lineno":1,"logger":"py.warnings"}
{"timestamp":"2026-03-13T18:49:57.783697Z","level":"warning","event":"The `airflow.operators.bash.BashOperator` attribute is deprecated. Please use `'airflow.providers.standard.operators.bash.BashOperator'`.","category":"DeprecatedImportWarning","filename":"/opt/airflow/dags/mover.py","lineno":2,"logger":"py.warnings"}
{"timestamp":"2026-03-13T18:50:27.947753Z","level":"info","event":"Filling up the DagBag from /opt/airflow/dags/mover.py","logger":"airflow.models.dagbag.BundleDagBag","filename":"dagbag.py","lineno":593}
{"timestamp":"2026-03-13T18:50:27.971951Z","level":"warning","event":"The `airflow.decorators.dag` attribute is deprecated. Please use `'airflow.sdk.dag'`.","category":"DeprecatedImportWarning","filename":"/opt/airflow/dags/mover.py","lineno":1,"logger":"py.warnings"}
{"timestamp":"2026-03-13T18:50:27.972102Z","level":"warning","event":"The `airflow.decorators.task` attribute is deprecated. Please use `'airflow.sdk.task'`.","category":"DeprecatedImportWarning","filename":"/opt/airflow/dags/mover.py","lineno":1,"logger":"py.warnings"}
{"timestamp":"2026-03-13T18:50:27.972177Z","level":"warning","event":"The `airflow.operators.bash.BashOperator` attribute is deprecated. Please use `'airflow.providers.standard.operators.bash.BashOperator'`.","category":"DeprecatedImportWarning","filename":"/opt/airflow/dags/mover.py","lineno":2,"logger":"py.warnings"}
{"timestamp":"2026-03-13T18:50:58.190143Z","level":"info","event":"Filling up the DagBag from /opt/airflow/dags/mover.py","logger":"airflow.models.dagbag.BundleDagBag","filename":"dagbag.py","lineno":593}
{"timestamp":"2026-03-13T18:50:58.213965Z","level":"warning","event":"The `airflow.decorators.dag` attribute is deprecated. Please use `'airflow.sdk.dag'`.","category":"DeprecatedImportWarning","filename":"/opt/airflow/dags/mover.py","lineno":1,"logger":"py.warnings"}
{"timestamp":"2026-03-13T18:50:58.214113Z","level":"warning","event":"The `airflow.decorators.task` attribute is deprecated. Please use `'airflow.sdk.task'`.","category":"DeprecatedImportWarning","filename":"/opt/airflow/dags/mover.py","lineno":1,"logger":"py.warnings"}
{"timestamp":"2026-03-13T18:50:58.214187Z","level":"warning","event":"The `airflow.operators.bash.BashOperator` attribute is deprecated. Please use `'airflow.providers.standard.operators.bash.BashOperator'`.","category":"DeprecatedImportWarning","filename":"/opt/airflow/dags/mover.py","lineno":2,"logger":"py.warnings"}
{"timestamp":"2026-03-13T18:51:28.476260Z","level":"info","event":"Filling up the DagBag from /opt/airflow/dags/mover.py","logger":"airflow.models.dagbag.BundleDagBag","filename":"dagbag.py","lineno":593}
{"timestamp":"2026-03-13T18:51:28.500821Z","level":"warning","event":"The `airflow.decorators.dag` attribute is deprecated. Please use `'airflow.sdk.dag'`.","category":"DeprecatedImportWarning","filename":"/opt/airflow/dags/mover.py","lineno":1,"logger":"py.warnings"}
{"timestamp":"2026-03-13T18:51:28.500970Z","level":"warning","event":"The `airflow.decorators.task` attribute is deprecated. Please use `'airflow.sdk.task'`.","category":"DeprecatedImportWarning","filename":"/opt/airflow/dags/mover.py","lineno":1,"logger":"py.warnings"}
{"timestamp":"2026-03-13T18:51:28.501045Z","level":"warning","event":"The `airflow.operators.bash.BashOperator` attribute is deprecated. Please use `'airflow.providers.standard.operators.bash.BashOperator'`.","category":"DeprecatedImportWarning","filename":"/opt/airflow/dags/mover.py","lineno":2,"logger":"py.warnings"}
{"timestamp":"2026-03-13T18:51:58.893558Z","level":"info","event":"Filling up the DagBag from /opt/airflow/dags/mover.py","logger":"airflow.models.dagbag.BundleDagBag","filename":"dagbag.py","lineno":593}
{"timestamp":"2026-03-13T18:51:58.916580Z","level":"warning","event":"The `airflow.decorators.dag` attribute is deprecated. Please use `'airflow.sdk.dag'`.","category":"DeprecatedImportWarning","filename":"/opt/airflow/dags/mover.py","lineno":1,"logger":"py.warnings"}
{"timestamp":"2026-03-13T18:51:58.916720Z","level":"warning","event":"The `airflow.decorators.task` attribute is deprecated. Please use `'airflow.sdk.task'`.","category":"DeprecatedImportWarning","filename":"/opt/airflow/dags/mover.py","lineno":1,"logger":"py.warnings"}
{"timestamp":"2026-03-13T18:51:58.916794Z","level":"warning","event":"The `airflow.operators.bash.BashOperator` attribute is deprecated. Please use `'airflow.providers.standard.operators.bash.BashOperator'`.","category":"DeprecatedImportWarning","filename":"/opt/airflow/dags/mover.py","lineno":2,"logger":"py.warnings"}
{"timestamp":"2026-03-13T18:52:29.168140Z","level":"info","event":"Filling up the DagBag from /opt/airflow/dags/mover.py","logger":"airflow.models.dagbag.BundleDagBag","filename":"dagbag.py","lineno":593}
{"timestamp":"2026-03-13T18:52:29.191544Z","level":"warning","event":"The `airflow.decorators.dag` attribute is deprecated. Please use `'airflow.sdk.dag'`.","category":"DeprecatedImportWarning","filename":"/opt/airflow/dags/mover.py","lineno":1,"logger":"py.warnings"}
{"timestamp":"2026-03-13T18:52:29.191695Z","level":"warning","event":"The `airflow.decorators.task` attribute is deprecated. Please use `'airflow.sdk.task'`.","category":"DeprecatedImportWarning","filename":"/opt/airflow/dags/mover.py","lineno":1,"logger":"py.warnings"}
{"timestamp":"2026-03-13T18:52:29.191772Z","level":"warning","event":"The `airflow.operators.bash.BashOperator` attribute is deprecated. Please use `'airflow.providers.standard.operators.bash.BashOperator'`.","category":"DeprecatedImportWarning","filename":"/opt/airflow/dags/mover.py","lineno":2,"logger":"py.warnings"}
{"timestamp":"2026-03-13T18:52:59.324166Z","level":"info","event":"Filling up the DagBag from /opt/airflow/dags/mover.py","logger":"airflow.models.dagbag.BundleDagBag","filename":"dagbag.py","lineno":593}
{"timestamp":"2026-03-13T18:52:59.346832Z","level":"warning","event":"The `airflow.decorators.dag` attribute is deprecated. Please use `'airflow.sdk.dag'`.","category":"DeprecatedImportWarning","filename":"/opt/airflow/dags/mover.py","lineno":1,"logger":"py.warnings"}
{"timestamp":"2026-03-13T18:52:59.346984Z","level":"warning","event":"The `airflow.decorators.task` attribute is deprecated. Please use `'airflow.sdk.task'`.","category":"DeprecatedImportWarning","filename":"/opt/airflow/dags/mover.py","lineno":1,"logger":"py.warnings"}
{"timestamp":"2026-03-13T18:52:59.347060Z","level":"warning","event":"The `airflow.operators.bash.BashOperator` attribute is deprecated. Please use `'airflow.providers.standard.operators.bash.BashOperator'`.","category":"DeprecatedImportWarning","filename":"/opt/airflow/dags/mover.py","lineno":2,"logger":"py.warnings"}
{"timestamp":"2026-03-13T18:53:29.601363Z","level":"info","event":"Filling up the DagBag from /opt/airflow/dags/mover.py","logger":"airflow.models.dagbag.BundleDagBag","filename":"dagbag.py","lineno":593}
{"timestamp":"2026-03-13T18:53:29.624810Z","level":"warning","event":"The `airflow.decorators.dag` attribute is deprecated. Please use `'airflow.sdk.dag'`.","category":"DeprecatedImportWarning","filename":"/opt/airflow/dags/mover.py","lineno":1,"logger":"py.warnings"}
{"timestamp":"2026-03-13T18:53:29.624961Z","level":"warning","event":"The `airflow.decorators.task` attribute is deprecated. Please use `'airflow.sdk.task'`.","category":"DeprecatedImportWarning","filename":"/opt/airflow/dags/mover.py","lineno":1,"logger":"py.warnings"}
{"timestamp":"2026-03-13T18:53:29.625050Z","level":"warning","event":"The `airflow.operators.bash.BashOperator` attribute is deprecated. Please use `'airflow.providers.standard.operators.bash.BashOperator'`.","category":"DeprecatedImportWarning","filename":"/opt/airflow/dags/mover.py","lineno":2,"logger":"py.warnings"}
{"timestamp":"2026-03-13T18:53:59.740802Z","level":"info","event":"Filling up the DagBag from /opt/airflow/dags/mover.py","logger":"airflow.models.dagbag.BundleDagBag","filename":"dagbag.py","lineno":593}
{"timestamp":"2026-03-13T18:53:59.763806Z","level":"warning","event":"The `airflow.decorators.dag` attribute is deprecated. Please use `'airflow.sdk.dag'`.","category":"DeprecatedImportWarning","filename":"/opt/airflow/dags/mover.py","lineno":1,"logger":"py.warnings"}
{"timestamp":"2026-03-13T18:53:59.763954Z","level":"warning","event":"The `airflow.decorators.task` attribute is deprecated. Please use `'airflow.sdk.task'`.","category":"DeprecatedImportWarning","filename":"/opt/airflow/dags/mover.py","lineno":1,"logger":"py.warnings"}
{"timestamp":"2026-03-13T18:53:59.764030Z","level":"warning","event":"The `airflow.operators.bash.BashOperator` attribute is deprecated. Please use `'airflow.providers.standard.operators.bash.BashOperator'`.","category":"DeprecatedImportWarning","filename":"/opt/airflow/dags/mover.py","lineno":2,"logger":"py.warnings"}
{"timestamp":"2026-03-13T18:54:30.022125Z","level":"info","event":"Filling up the DagBag from /opt/airflow/dags/mover.py","logger":"airflow.models.dagbag.BundleDagBag","filename":"dagbag.py","lineno":593}
{"timestamp":"2026-03-13T18:54:30.046138Z","level":"warning","event":"The `airflow.decorators.dag` attribute is deprecated. Please use `'airflow.sdk.dag'`.","category":"DeprecatedImportWarning","filename":"/opt/airflow/dags/mover.py","lineno":1,"logger":"py.warnings"}
{"timestamp":"2026-03-13T18:54:30.046296Z","level":"warning","event":"The `airflow.decorators.task` attribute is deprecated. Please use `'airflow.sdk.task'`.","category":"DeprecatedImportWarning","filename":"/opt/airflow/dags/mover.py","lineno":1,"logger":"py.warnings"}
{"timestamp":"2026-03-13T18:54:30.046374Z","level":"warning","event":"The `airflow.operators.bash.BashOperator` attribute is deprecated. Please use `'airflow.providers.standard.operators.bash.BashOperator'`.","category":"DeprecatedImportWarning","filename":"/opt/airflow/dags/mover.py","lineno":2,"logger":"py.warnings"}
{"timestamp":"2026-03-13T18:55:00.646030Z","level":"info","event":"Filling up the DagBag from /opt/airflow/dags/mover.py","logger":"airflow.models.dagbag.BundleDagBag","filename":"dagbag.py","lineno":593}
{"timestamp":"2026-03-13T18:55:00.669633Z","level":"warning","event":"The `airflow.decorators.dag` attribute is deprecated. Please use `'airflow.sdk.dag'`.","category":"DeprecatedImportWarning","filename":"/opt/airflow/dags/mover.py","lineno":1,"logger":"py.warnings"}
{"timestamp":"2026-03-13T18:55:00.669787Z","level":"warning","event":"The `airflow.decorators.task` attribute is deprecated. Please use `'airflow.sdk.task'`.","category":"DeprecatedImportWarning","filename":"/opt/airflow/dags/mover.py","lineno":1,"logger":"py.warnings"}
{"timestamp":"2026-03-13T18:55:00.669862Z","level":"warning","event":"The `airflow.operators.bash.BashOperator` attribute is deprecated. Please use `'airflow.providers.standard.operators.bash.BashOperator'`.","category":"DeprecatedImportWarning","filename":"/opt/airflow/dags/mover.py","lineno":2,"logger":"py.warnings"}
{"timestamp":"2026-03-13T18:55:30.991021Z","level":"info","event":"Filling up the DagBag from /opt/airflow/dags/mover.py","logger":"airflow.models.dagbag.BundleDagBag","filename":"dagbag.py","lineno":593}
{"timestamp":"2026-03-13T18:55:31.014674Z","level":"warning","event":"The `airflow.decorators.dag` attribute is deprecated. Please use `'airflow.sdk.dag'`.","category":"DeprecatedImportWarning","filename":"/opt/airflow/dags/mover.py","lineno":1,"logger":"py.warnings"}
{"timestamp":"2026-03-13T18:55:31.014829Z","level":"warning","event":"The `airflow.decorators.task` attribute is deprecated. Please use `'airflow.sdk.task'`.","category":"DeprecatedImportWarning","filename":"/opt/airflow/dags/mover.py","lineno":1,"logger":"py.warnings"}
{"timestamp":"2026-03-13T18:55:31.014904Z","level":"warning","event":"The `airflow.operators.bash.BashOperator` attribute is deprecated. Please use `'airflow.providers.standard.operators.bash.BashOperator'`.","category":"DeprecatedImportWarning","filename":"/opt/airflow/dags/mover.py","lineno":2,"logger":"py.warnings"}
{"timestamp":"2026-03-13T18:56:01.501975Z","level":"info","event":"Filling up the DagBag from /opt/airflow/dags/mover.py","logger":"airflow.models.dagbag.BundleDagBag","filename":"dagbag.py","lineno":593}
{"timestamp":"2026-03-13T18:56:01.529432Z","level":"warning","event":"The `airflow.decorators.dag` attribute is deprecated. Please use `'airflow.sdk.dag'`.","category":"DeprecatedImportWarning","filename":"/opt/airflow/dags/mover.py","lineno":1,"logger":"py.warnings"}
{"timestamp":"2026-03-13T18:56:01.529638Z","level":"warning","event":"The `airflow.decorators.task` attribute is deprecated. Please use `'airflow.sdk.task'`.","category":"DeprecatedImportWarning","filename":"/opt/airflow/dags/mover.py","lineno":1,"logger":"py.warnings"}
{"timestamp":"2026-03-13T18:56:01.529727Z","level":"warning","event":"The `airflow.operators.bash.BashOperator` attribute is deprecated. Please use `'airflow.providers.standard.operators.bash.BashOperator'`.","category":"DeprecatedImportWarning","filename":"/opt/airflow/dags/mover.py","lineno":2,"logger":"py.warnings"}
{"timestamp":"2026-03-13T18:56:31.797305Z","level":"info","event":"Filling up the DagBag from /opt/airflow/dags/mover.py","logger":"airflow.models.dagbag.BundleDagBag","filename":"dagbag.py","lineno":593}
{"timestamp":"2026-03-13T18:56:31.822521Z","level":"warning","event":"The `airflow.decorators.dag` attribute is deprecated. Please use `'airflow.sdk.dag'`.","category":"DeprecatedImportWarning","filename":"/opt/airflow/dags/mover.py","lineno":1,"logger":"py.warnings"}
{"timestamp":"2026-03-13T18:56:31.822667Z","level":"warning","event":"The `airflow.decorators.task` attribute is deprecated. Please use `'airflow.sdk.task'`.","category":"DeprecatedImportWarning","filename":"/opt/airflow/dags/mover.py","lineno":1,"logger":"py.warnings"}
{"timestamp":"2026-03-13T18:56:31.822747Z","level":"warning","event":"The `airflow.operators.bash.BashOperator` attribute is deprecated. Please use `'airflow.providers.standard.operators.bash.BashOperator'`.","category":"DeprecatedImportWarning","filename":"/opt/airflow/dags/mover.py","lineno":2,"logger":"py.warnings"}
{"timestamp":"2026-03-13T18:57:02.167996Z","level":"info","event":"Filling up the DagBag from /opt/airflow/dags/mover.py","logger":"airflow.models.dagbag.BundleDagBag","filename":"dagbag.py","lineno":593}
{"timestamp":"2026-03-13T18:57:02.193006Z","level":"warning","event":"The `airflow.decorators.dag` attribute is deprecated. Please use `'airflow.sdk.dag'`.","category":"DeprecatedImportWarning","filename":"/opt/airflow/dags/mover.py","lineno":1,"logger":"py.warnings"}
{"timestamp":"2026-03-13T18:57:02.193161Z","level":"warning","event":"The `airflow.decorators.task` attribute is deprecated. Please use `'airflow.sdk.task'`.","category":"DeprecatedImportWarning","filename":"/opt/airflow/dags/mover.py","lineno":1,"logger":"py.warnings"}
{"timestamp":"2026-03-13T18:57:02.193238Z","level":"warning","event":"The `airflow.operators.bash.BashOperator` attribute is deprecated. Please use `'airflow.providers.standard.operators.bash.BashOperator'`.","category":"DeprecatedImportWarning","filename":"/opt/airflow/dags/mover.py","lineno":2,"logger":"py.warnings"}
{"timestamp":"2026-03-13T18:57:32.404054Z","level":"info","event":"Filling up the DagBag from /opt/airflow/dags/mover.py","logger":"airflow.models.dagbag.BundleDagBag","filename":"dagbag.py","lineno":593}
{"timestamp":"2026-03-13T18:57:32.426182Z","level":"warning","event":"The `airflow.decorators.dag` attribute is deprecated. Please use `'airflow.sdk.dag'`.","category":"DeprecatedImportWarning","filename":"/opt/airflow/dags/mover.py","lineno":1,"logger":"py.warnings"}
{"timestamp":"2026-03-13T18:57:32.426327Z","level":"warning","event":"The `airflow.decorators.task` attribute is deprecated. Please use `'airflow.sdk.task'`.","category":"DeprecatedImportWarning","filename":"/opt/airflow/dags/mover.py","lineno":1,"logger":"py.warnings"}
{"timestamp":"2026-03-13T18:57:32.426399Z","level":"warning","event":"The `airflow.operators.bash.BashOperator` attribute is deprecated. Please use `'airflow.providers.standard.operators.bash.BashOperator'`.","category":"DeprecatedImportWarning","filename":"/opt/airflow/dags/mover.py","lineno":2,"logger":"py.warnings"}
{"timestamp":"2026-03-13T18:58:02.969927Z","level":"info","event":"Filling up the DagBag from /opt/airflow/dags/mover.py","logger":"airflow.models.dagbag.BundleDagBag","filename":"dagbag.py","lineno":593}
{"timestamp":"2026-03-13T18:58:02.992643Z","level":"warning","event":"The `airflow.decorators.dag` attribute is deprecated. Please use `'airflow.sdk.dag'`.","category":"DeprecatedImportWarning","filename":"/opt/airflow/dags/mover.py","lineno":1,"logger":"py.warnings"}
{"timestamp":"2026-03-13T18:58:02.992791Z","level":"warning","event":"The `airflow.decorators.task` attribute is deprecated. Please use `'airflow.sdk.task'`.","category":"DeprecatedImportWarning","filename":"/opt/airflow/dags/mover.py","lineno":1,"logger":"py.warnings"}
{"timestamp":"2026-03-13T18:58:02.992895Z","level":"warning","event":"The `airflow.operators.bash.BashOperator` attribute is deprecated. Please use `'airflow.providers.standard.operators.bash.BashOperator'`.","category":"DeprecatedImportWarning","filename":"/opt/airflow/dags/mover.py","lineno":2,"logger":"py.warnings"}
{"timestamp":"2026-03-13T18:58:33.154541Z","level":"info","event":"Filling up the DagBag from /opt/airflow/dags/mover.py","logger":"airflow.models.dagbag.BundleDagBag","filename":"dagbag.py","lineno":593}
{"timestamp":"2026-03-13T18:58:33.178533Z","level":"warning","event":"The `airflow.decorators.dag` attribute is deprecated. Please use `'airflow.sdk.dag'`.","category":"DeprecatedImportWarning","filename":"/opt/airflow/dags/mover.py","lineno":1,"logger":"py.warnings"}
{"timestamp":"2026-03-13T18:58:33.178706Z","level":"warning","event":"The `airflow.decorators.task` attribute is deprecated. Please use `'airflow.sdk.task'`.","category":"DeprecatedImportWarning","filename":"/opt/airflow/dags/mover.py","lineno":1,"logger":"py.warnings"}
{"timestamp":"2026-03-13T18:58:33.178795Z","level":"warning","event":"The `airflow.operators.bash.BashOperator` attribute is deprecated. Please use `'airflow.providers.standard.operators.bash.BashOperator'`.","category":"DeprecatedImportWarning","filename":"/opt/airflow/dags/mover.py","lineno":2,"logger":"py.warnings"}
{"timestamp":"2026-03-13T18:59:03.414979Z","level":"info","event":"Filling up the DagBag from /opt/airflow/dags/mover.py","logger":"airflow.models.dagbag.BundleDagBag","filename":"dagbag.py","lineno":593}
{"timestamp":"2026-03-13T18:59:03.437689Z","level":"warning","event":"The `airflow.decorators.dag` attribute is deprecated. Please use `'airflow.sdk.dag'`.","category":"DeprecatedImportWarning","filename":"/opt/airflow/dags/mover.py","lineno":1,"logger":"py.warnings"}
{"timestamp":"2026-03-13T18:59:03.437829Z","level":"warning","event":"The `airflow.decorators.task` attribute is deprecated. Please use `'airflow.sdk.task'`.","category":"DeprecatedImportWarning","filename":"/opt/airflow/dags/mover.py","lineno":1,"logger":"py.warnings"}
{"timestamp":"2026-03-13T18:59:03.437904Z","level":"warning","event":"The `airflow.operators.bash.BashOperator` attribute is deprecated. Please use `'airflow.providers.standard.operators.bash.BashOperator'`.","category":"DeprecatedImportWarning","filename":"/opt/airflow/dags/mover.py","lineno":2,"logger":"py.warnings"}
{"timestamp":"2026-03-13T18:59:33.544277Z","level":"info","event":"Filling up the DagBag from /opt/airflow/dags/mover.py","logger":"airflow.models.dagbag.BundleDagBag","filename":"dagbag.py","lineno":593}
{"timestamp":"2026-03-13T18:59:33.570822Z","level":"warning","event":"The `airflow.decorators.dag` attribute is deprecated. Please use `'airflow.sdk.dag'`.","category":"DeprecatedImportWarning","filename":"/opt/airflow/dags/mover.py","lineno":1,"logger":"py.warnings"}
{"timestamp":"2026-03-13T18:59:33.570975Z","level":"warning","event":"The `airflow.decorators.task` attribute is deprecated. Please use `'airflow.sdk.task'`.","category":"DeprecatedImportWarning","filename":"/opt/airflow/dags/mover.py","lineno":1,"logger":"py.warnings"}
{"timestamp":"2026-03-13T18:59:33.571048Z","level":"warning","event":"The `airflow.operators.bash.BashOperator` attribute is deprecated. Please use `'airflow.providers.standard.operators.bash.BashOperator'`.","category":"DeprecatedImportWarning","filename":"/opt/airflow/dags/mover.py","lineno":2,"logger":"py.warnings"}
{"timestamp":"2026-03-13T19:00:03.761435Z","level":"info","event":"Filling up the DagBag from /opt/airflow/dags/mover.py","logger":"airflow.models.dagbag.BundleDagBag","filename":"dagbag.py","lineno":593}
{"timestamp":"2026-03-13T19:00:03.784599Z","level":"warning","event":"The `airflow.decorators.dag` attribute is deprecated. Please use `'airflow.sdk.dag'`.","category":"DeprecatedImportWarning","filename":"/opt/airflow/dags/mover.py","lineno":1,"logger":"py.warnings"}
{"timestamp":"2026-03-13T19:00:03.784749Z","level":"warning","event":"The `airflow.decorators.task` attribute is deprecated. Please use `'airflow.sdk.task'`.","category":"DeprecatedImportWarning","filename":"/opt/airflow/dags/mover.py","lineno":1,"logger":"py.warnings"}
{"timestamp":"2026-03-13T19:00:03.784836Z","level":"warning","event":"The `airflow.operators.bash.BashOperator` attribute is deprecated. Please use `'airflow.providers.standard.operators.bash.BashOperator'`.","category":"DeprecatedImportWarning","filename":"/opt/airflow/dags/mover.py","lineno":2,"logger":"py.warnings"}
{"timestamp":"2026-03-13T19:00:34.041736Z","level":"info","event":"Filling up the DagBag from /opt/airflow/dags/mover.py","logger":"airflow.models.dagbag.BundleDagBag","filename":"dagbag.py","lineno":593}
{"timestamp":"2026-03-13T19:00:34.065967Z","level":"warning","event":"The `airflow.decorators.dag` attribute is deprecated. Please use `'airflow.sdk.dag'`.","category":"DeprecatedImportWarning","filename":"/opt/airflow/dags/mover.py","lineno":1,"logger":"py.warnings"}
{"timestamp":"2026-03-13T19:00:34.066206Z","level":"warning","event":"The `airflow.decorators.task` attribute is deprecated. Please use `'airflow.sdk.task'`.","category":"DeprecatedImportWarning","filename":"/opt/airflow/dags/mover.py","lineno":1,"logger":"py.warnings"}
{"timestamp":"2026-03-13T19:00:34.066352Z","level":"warning","event":"The `airflow.operators.bash.BashOperator` attribute is deprecated. Please use `'airflow.providers.standard.operators.bash.BashOperator'`.","category":"DeprecatedImportWarning","filename":"/opt/airflow/dags/mover.py","lineno":2,"logger":"py.warnings"}
{"timestamp":"2026-03-13T19:01:04.609741Z","level":"info","event":"Filling up the DagBag from /opt/airflow/dags/mover.py","logger":"airflow.models.dagbag.BundleDagBag","filename":"dagbag.py","lineno":593}
{"timestamp":"2026-03-13T19:01:04.631859Z","level":"warning","event":"The `airflow.decorators.dag` attribute is deprecated. Please use `'airflow.sdk.dag'`.","category":"DeprecatedImportWarning","filename":"/opt/airflow/dags/mover.py","lineno":1,"logger":"py.warnings"}
{"timestamp":"2026-03-13T19:01:04.632008Z","level":"warning","event":"The `airflow.decorators.task` attribute is deprecated. Please use `'airflow.sdk.task'`.","category":"DeprecatedImportWarning","filename":"/opt/airflow/dags/mover.py","lineno":1,"logger":"py.warnings"}
{"timestamp":"2026-03-13T19:01:04.632106Z","level":"warning","event":"The `airflow.operators.bash.BashOperator` attribute is deprecated. Please use `'airflow.providers.standard.operators.bash.BashOperator'`.","category":"DeprecatedImportWarning","filename":"/opt/airflow/dags/mover.py","lineno":2,"logger":"py.warnings"}
{"timestamp":"2026-03-13T19:01:34.767210Z","level":"info","event":"Filling up the DagBag from /opt/airflow/dags/mover.py","logger":"airflow.models.dagbag.BundleDagBag","filename":"dagbag.py","lineno":593}
{"timestamp":"2026-03-13T19:01:34.791132Z","level":"warning","event":"The `airflow.decorators.dag` attribute is deprecated. Please use `'airflow.sdk.dag'`.","category":"DeprecatedImportWarning","filename":"/opt/airflow/dags/mover.py","lineno":1,"logger":"py.warnings"}
{"timestamp":"2026-03-13T19:01:34.791296Z","level":"warning","event":"The `airflow.decorators.task` attribute is deprecated. Please use `'airflow.sdk.task'`.","category":"DeprecatedImportWarning","filename":"/opt/airflow/dags/mover.py","lineno":1,"logger":"py.warnings"}
{"timestamp":"2026-03-13T19:01:34.791369Z","level":"warning","event":"The `airflow.operators.bash.BashOperator` attribute is deprecated. Please use `'airflow.providers.standard.operators.bash.BashOperator'`.","category":"DeprecatedImportWarning","filename":"/opt/airflow/dags/mover.py","lineno":2,"logger":"py.warnings"}
{"timestamp":"2026-03-13T19:02:04.917762Z","level":"info","event":"Filling up the DagBag from /opt/airflow/dags/mover.py","logger":"airflow.models.dagbag.BundleDagBag","filename":"dagbag.py","lineno":593}
{"timestamp":"2026-03-13T19:02:04.941400Z","level":"warning","event":"The `airflow.decorators.dag` attribute is deprecated. Please use `'airflow.sdk.dag'`.","category":"DeprecatedImportWarning","filename":"/opt/airflow/dags/mover.py","lineno":1,"logger":"py.warnings"}
{"timestamp":"2026-03-13T19:02:04.941600Z","level":"warning","event":"The `airflow.decorators.task` attribute is deprecated. Please use `'airflow.sdk.task'`.","category":"DeprecatedImportWarning","filename":"/opt/airflow/dags/mover.py","lineno":1,"logger":"py.warnings"}
{"timestamp":"2026-03-13T19:02:04.941681Z","level":"warning","event":"The `airflow.operators.bash.BashOperator` attribute is deprecated. Please use `'airflow.providers.standard.operators.bash.BashOperator'`.","category":"DeprecatedImportWarning","filename":"/opt/airflow/dags/mover.py","lineno":2,"logger":"py.warnings"}
{"timestamp":"2026-03-13T19:02:35.163894Z","level":"info","event":"Filling up the DagBag from /opt/airflow/dags/mover.py","logger":"airflow.models.dagbag.BundleDagBag","filename":"dagbag.py","lineno":593}
{"timestamp":"2026-03-13T19:02:35.188920Z","level":"warning","event":"The `airflow.decorators.dag` attribute is deprecated. Please use `'airflow.sdk.dag'`.","category":"DeprecatedImportWarning","filename":"/opt/airflow/dags/mover.py","lineno":1,"logger":"py.warnings"}
{"timestamp":"2026-03-13T19:02:35.189108Z","level":"warning","event":"The `airflow.decorators.task` attribute is deprecated. Please use `'airflow.sdk.task'`.","category":"DeprecatedImportWarning","filename":"/opt/airflow/dags/mover.py","lineno":1,"logger":"py.warnings"}
{"timestamp":"2026-03-13T19:02:35.189188Z","level":"warning","event":"The `airflow.operators.bash.BashOperator` attribute is deprecated. Please use `'airflow.providers.standard.operators.bash.BashOperator'`.","category":"DeprecatedImportWarning","filename":"/opt/airflow/dags/mover.py","lineno":2,"logger":"py.warnings"}
{"timestamp":"2026-03-13T19:03:05.393133Z","level":"info","event":"Filling up the DagBag from /opt/airflow/dags/mover.py","logger":"airflow.models.dagbag.BundleDagBag","filename":"dagbag.py","lineno":593}
{"timestamp":"2026-03-13T19:03:05.422712Z","level":"warning","event":"The `airflow.decorators.dag` attribute is deprecated. Please use `'airflow.sdk.dag'`.","category":"DeprecatedImportWarning","filename":"/opt/airflow/dags/mover.py","lineno":1,"logger":"py.warnings"}
{"timestamp":"2026-03-13T19:03:05.422863Z","level":"warning","event":"The `airflow.decorators.task` attribute is deprecated. Please use `'airflow.sdk.task'`.","category":"DeprecatedImportWarning","filename":"/opt/airflow/dags/mover.py","lineno":1,"logger":"py.warnings"}
{"timestamp":"2026-03-13T19:03:05.422940Z","level":"warning","event":"The `airflow.operators.bash.BashOperator` attribute is deprecated. Please use `'airflow.providers.standard.operators.bash.BashOperator'`.","category":"DeprecatedImportWarning","filename":"/opt/airflow/dags/mover.py","lineno":2,"logger":"py.warnings"}
{"timestamp":"2026-03-13T19:03:35.717299Z","level":"info","event":"Filling up the DagBag from /opt/airflow/dags/mover.py","logger":"airflow.models.dagbag.BundleDagBag","filename":"dagbag.py","lineno":593}
{"timestamp":"2026-03-13T19:03:35.740592Z","level":"warning","event":"The `airflow.decorators.dag` attribute is deprecated. Please use `'airflow.sdk.dag'`.","category":"DeprecatedImportWarning","filename":"/opt/airflow/dags/mover.py","lineno":1,"logger":"py.warnings"}
{"timestamp":"2026-03-13T19:03:35.740735Z","level":"warning","event":"The `airflow.decorators.task` attribute is deprecated. Please use `'airflow.sdk.task'`.","category":"DeprecatedImportWarning","filename":"/opt/airflow/dags/mover.py","lineno":1,"logger":"py.warnings"}
{"timestamp":"2026-03-13T19:03:35.740826Z","level":"warning","event":"The `airflow.operators.bash.BashOperator` attribute is deprecated. Please use `'airflow.providers.standard.operators.bash.BashOperator'`.","category":"DeprecatedImportWarning","filename":"/opt/airflow/dags/mover.py","lineno":2,"logger":"py.warnings"}
{"timestamp":"2026-03-13T19:04:05.912394Z","level":"info","event":"Filling up the DagBag from /opt/airflow/dags/mover.py","logger":"airflow.models.dagbag.BundleDagBag","filename":"dagbag.py","lineno":593}
{"timestamp":"2026-03-13T19:04:05.935412Z","level":"warning","event":"The `airflow.decorators.dag` attribute is deprecated. Please use `'airflow.sdk.dag'`.","category":"DeprecatedImportWarning","filename":"/opt/airflow/dags/mover.py","lineno":1,"logger":"py.warnings"}
{"timestamp":"2026-03-13T19:04:05.935563Z","level":"warning","event":"The `airflow.decorators.task` attribute is deprecated. Please use `'airflow.sdk.task'`.","category":"DeprecatedImportWarning","filename":"/opt/airflow/dags/mover.py","lineno":1,"logger":"py.warnings"}
{"timestamp":"2026-03-13T19:04:05.935657Z","level":"warning","event":"The `airflow.operators.bash.BashOperator` attribute is deprecated. Please use `'airflow.providers.standard.operators.bash.BashOperator'`.","category":"DeprecatedImportWarning","filename":"/opt/airflow/dags/mover.py","lineno":2,"logger":"py.warnings"}
{"timestamp":"2026-03-13T19:04:36.104440Z","level":"info","event":"Filling up the DagBag from /opt/airflow/dags/mover.py","logger":"airflow.models.dagbag.BundleDagBag","filename":"dagbag.py","lineno":593}
{"timestamp":"2026-03-13T19:04:36.126618Z","level":"warning","event":"The `airflow.decorators.dag` attribute is deprecated. Please use `'airflow.sdk.dag'`.","category":"DeprecatedImportWarning","filename":"/opt/airflow/dags/mover.py","lineno":1,"logger":"py.warnings"}
{"timestamp":"2026-03-13T19:04:36.126764Z","level":"warning","event":"The `airflow.decorators.task` attribute is deprecated. Please use `'airflow.sdk.task'`.","category":"DeprecatedImportWarning","filename":"/opt/airflow/dags/mover.py","lineno":1,"logger":"py.warnings"}
{"timestamp":"2026-03-13T19:04:36.126840Z","level":"warning","event":"The `airflow.operators.bash.BashOperator` attribute is deprecated. Please use `'airflow.providers.standard.operators.bash.BashOperator'`.","category":"DeprecatedImportWarning","filename":"/opt/airflow/dags/mover.py","lineno":2,"logger":"py.warnings"}
{"timestamp":"2026-03-13T19:05:06.359245Z","level":"info","event":"Filling up the DagBag from /opt/airflow/dags/mover.py","logger":"airflow.models.dagbag.BundleDagBag","filename":"dagbag.py","lineno":593}
{"timestamp":"2026-03-13T19:05:06.381724Z","level":"warning","event":"The `airflow.decorators.dag` attribute is deprecated. Please use `'airflow.sdk.dag'`.","category":"DeprecatedImportWarning","filename":"/opt/airflow/dags/mover.py","lineno":1,"logger":"py.warnings"}
{"timestamp":"2026-03-13T19:05:06.381877Z","level":"warning","event":"The `airflow.decorators.task` attribute is deprecated. Please use `'airflow.sdk.task'`.","category":"DeprecatedImportWarning","filename":"/opt/airflow/dags/mover.py","lineno":1,"logger":"py.warnings"}
{"timestamp":"2026-03-13T19:05:06.381951Z","level":"warning","event":"The `airflow.operators.bash.BashOperator` attribute is deprecated. Please use `'airflow.providers.standard.operators.bash.BashOperator'`.","category":"DeprecatedImportWarning","filename":"/opt/airflow/dags/mover.py","lineno":2,"logger":"py.warnings"}
{"timestamp":"2026-03-13T19:05:36.604012Z","level":"info","event":"Filling up the DagBag from /opt/airflow/dags/mover.py","logger":"airflow.models.dagbag.BundleDagBag","filename":"dagbag.py","lineno":593}
{"timestamp":"2026-03-13T19:05:36.636434Z","level":"warning","event":"The `airflow.decorators.dag` attribute is deprecated. Please use `'airflow.sdk.dag'`.","category":"DeprecatedImportWarning","filename":"/opt/airflow/dags/mover.py","lineno":1,"logger":"py.warnings"}
{"timestamp":"2026-03-13T19:05:36.636613Z","level":"warning","event":"The `airflow.decorators.task` attribute is deprecated. Please use `'airflow.sdk.task'`.","category":"DeprecatedImportWarning","filename":"/opt/airflow/dags/mover.py","lineno":1,"logger":"py.warnings"}
{"timestamp":"2026-03-13T19:05:36.636695Z","level":"warning","event":"The `airflow.operators.bash.BashOperator` attribute is deprecated. Please use `'airflow.providers.standard.operators.bash.BashOperator'`.","category":"DeprecatedImportWarning","filename":"/opt/airflow/dags/mover.py","lineno":2,"logger":"py.warnings"}
{"timestamp":"2026-03-13T19:06:06.810463Z","level":"info","event":"Filling up the DagBag from /opt/airflow/dags/mover.py","logger":"airflow.models.dagbag.BundleDagBag","filename":"dagbag.py","lineno":593}
{"timestamp":"2026-03-13T19:06:06.835041Z","level":"warning","event":"The `airflow.decorators.dag` attribute is deprecated. Please use `'airflow.sdk.dag'`.","category":"DeprecatedImportWarning","filename":"/opt/airflow/dags/mover.py","lineno":1,"logger":"py.warnings"}
{"timestamp":"2026-03-13T19:06:06.835196Z","level":"warning","event":"The `airflow.decorators.task` attribute is deprecated. Please use `'airflow.sdk.task'`.","category":"DeprecatedImportWarning","filename":"/opt/airflow/dags/mover.py","lineno":1,"logger":"py.warnings"}
{"timestamp":"2026-03-13T19:06:06.835274Z","level":"warning","event":"The `airflow.operators.bash.BashOperator` attribute is deprecated. Please use `'airflow.providers.standard.operators.bash.BashOperator'`.","category":"DeprecatedImportWarning","filename":"/opt/airflow/dags/mover.py","lineno":2,"logger":"py.warnings"}
{"timestamp":"2026-03-13T19:06:36.981668Z","level":"info","event":"Filling up the DagBag from /opt/airflow/dags/mover.py","logger":"airflow.models.dagbag.BundleDagBag","filename":"dagbag.py","lineno":593}
{"timestamp":"2026-03-13T19:06:37.006501Z","level":"warning","event":"The `airflow.decorators.dag` attribute is deprecated. Please use `'airflow.sdk.dag'`.","category":"DeprecatedImportWarning","filename":"/opt/airflow/dags/mover.py","lineno":1,"logger":"py.warnings"}
{"timestamp":"2026-03-13T19:06:37.006659Z","level":"warning","event":"The `airflow.decorators.task` attribute is deprecated. Please use `'airflow.sdk.task'`.","category":"DeprecatedImportWarning","filename":"/opt/airflow/dags/mover.py","lineno":1,"logger":"py.warnings"}
{"timestamp":"2026-03-13T19:06:37.006759Z","level":"warning","event":"The `airflow.operators.bash.BashOperator` attribute is deprecated. Please use `'airflow.providers.standard.operators.bash.BashOperator'`.","category":"DeprecatedImportWarning","filename":"/opt/airflow/dags/mover.py","lineno":2,"logger":"py.warnings"}
{"timestamp":"2026-03-13T19:07:07.267013Z","level":"info","event":"Filling up the DagBag from /opt/airflow/dags/mover.py","logger":"airflow.models.dagbag.BundleDagBag","filename":"dagbag.py","lineno":593}
{"timestamp":"2026-03-13T19:07:07.291727Z","level":"warning","event":"The `airflow.decorators.dag` attribute is deprecated. Please use `'airflow.sdk.dag'`.","category":"DeprecatedImportWarning","filename":"/opt/airflow/dags/mover.py","lineno":1,"logger":"py.warnings"}
{"timestamp":"2026-03-13T19:07:07.291905Z","level":"warning","event":"The `airflow.decorators.task` attribute is deprecated. Please use `'airflow.sdk.task'`.","category":"DeprecatedImportWarning","filename":"/opt/airflow/dags/mover.py","lineno":1,"logger":"py.warnings"}
{"timestamp":"2026-03-13T19:07:07.292017Z","level":"warning","event":"The `airflow.operators.bash.BashOperator` attribute is deprecated. Please use `'airflow.providers.standard.operators.bash.BashOperator'`.","category":"DeprecatedImportWarning","filename":"/opt/airflow/dags/mover.py","lineno":2,"logger":"py.warnings"}
{"timestamp":"2026-03-13T19:07:37.519449Z","level":"info","event":"Filling up the DagBag from /opt/airflow/dags/mover.py","logger":"airflow.models.dagbag.BundleDagBag","filename":"dagbag.py","lineno":593}
{"timestamp":"2026-03-13T19:07:37.543745Z","level":"warning","event":"The `airflow.decorators.dag` attribute is deprecated. Please use `'airflow.sdk.dag'`.","category":"DeprecatedImportWarning","filename":"/opt/airflow/dags/mover.py","lineno":1,"logger":"py.warnings"}
{"timestamp":"2026-03-13T19:07:37.543895Z","level":"warning","event":"The `airflow.decorators.task` attribute is deprecated. Please use `'airflow.sdk.task'`.","category":"DeprecatedImportWarning","filename":"/opt/airflow/dags/mover.py","lineno":1,"logger":"py.warnings"}
{"timestamp":"2026-03-13T19:07:37.543970Z","level":"warning","event":"The `airflow.operators.bash.BashOperator` attribute is deprecated. Please use `'airflow.providers.standard.operators.bash.BashOperator'`.","category":"DeprecatedImportWarning","filename":"/opt/airflow/dags/mover.py","lineno":2,"logger":"py.warnings"}
{"timestamp":"2026-03-13T19:08:07.696557Z","level":"info","event":"Filling up the DagBag from /opt/airflow/dags/mover.py","logger":"airflow.models.dagbag.BundleDagBag","filename":"dagbag.py","lineno":593}
{"timestamp":"2026-03-13T19:08:07.721969Z","level":"warning","event":"The `airflow.decorators.dag` attribute is deprecated. Please use `'airflow.sdk.dag'`.","category":"DeprecatedImportWarning","filename":"/opt/airflow/dags/mover.py","lineno":1,"logger":"py.warnings"}
{"timestamp":"2026-03-13T19:08:07.722115Z","level":"warning","event":"The `airflow.decorators.task` attribute is deprecated. Please use `'airflow.sdk.task'`.","category":"DeprecatedImportWarning","filename":"/opt/airflow/dags/mover.py","lineno":1,"logger":"py.warnings"}
{"timestamp":"2026-03-13T19:08:07.722189Z","level":"warning","event":"The `airflow.operators.bash.BashOperator` attribute is deprecated. Please use `'airflow.providers.standard.operators.bash.BashOperator'`.","category":"DeprecatedImportWarning","filename":"/opt/airflow/dags/mover.py","lineno":2,"logger":"py.warnings"}
{"timestamp":"2026-03-13T19:08:37.934322Z","level":"info","event":"Filling up the DagBag from /opt/airflow/dags/mover.py","logger":"airflow.models.dagbag.BundleDagBag","filename":"dagbag.py","lineno":593}
{"timestamp":"2026-03-13T19:08:37.958374Z","level":"warning","event":"The `airflow.decorators.dag` attribute is deprecated. Please use `'airflow.sdk.dag'`.","category":"DeprecatedImportWarning","filename":"/opt/airflow/dags/mover.py","lineno":1,"logger":"py.warnings"}
{"timestamp":"2026-03-13T19:08:37.958515Z","level":"warning","event":"The `airflow.decorators.task` attribute is deprecated. Please use `'airflow.sdk.task'`.","category":"DeprecatedImportWarning","filename":"/opt/airflow/dags/mover.py","lineno":1,"logger":"py.warnings"}
{"timestamp":"2026-03-13T19:08:37.958587Z","level":"warning","event":"The `airflow.operators.bash.BashOperator` attribute is deprecated. Please use `'airflow.providers.standard.operators.bash.BashOperator'`.","category":"DeprecatedImportWarning","filename":"/opt/airflow/dags/mover.py","lineno":2,"logger":"py.warnings"}
{"timestamp":"2026-03-13T19:09:08.121583Z","level":"info","event":"Filling up the DagBag from /opt/airflow/dags/mover.py","logger":"airflow.models.dagbag.BundleDagBag","filename":"dagbag.py","lineno":593}
{"timestamp":"2026-03-13T19:09:08.145315Z","level":"warning","event":"The `airflow.decorators.dag` attribute is deprecated. Please use `'airflow.sdk.dag'`.","category":"DeprecatedImportWarning","filename":"/opt/airflow/dags/mover.py","lineno":1,"logger":"py.warnings"}
{"timestamp":"2026-03-13T19:09:08.145540Z","level":"warning","event":"The `airflow.decorators.task` attribute is deprecated. Please use `'airflow.sdk.task'`.","category":"DeprecatedImportWarning","filename":"/opt/airflow/dags/mover.py","lineno":1,"logger":"py.warnings"}
{"timestamp":"2026-03-13T19:09:08.145638Z","level":"warning","event":"The `airflow.operators.bash.BashOperator` attribute is deprecated. Please use `'airflow.providers.standard.operators.bash.BashOperator'`.","category":"DeprecatedImportWarning","filename":"/opt/airflow/dags/mover.py","lineno":2,"logger":"py.warnings"}
{"timestamp":"2026-03-13T19:09:38.337734Z","level":"info","event":"Filling up the DagBag from /opt/airflow/dags/mover.py","logger":"airflow.models.dagbag.BundleDagBag","filename":"dagbag.py","lineno":593}
{"timestamp":"2026-03-13T19:09:38.361486Z","level":"warning","event":"The `airflow.decorators.dag` attribute is deprecated. Please use `'airflow.sdk.dag'`.","category":"DeprecatedImportWarning","filename":"/opt/airflow/dags/mover.py","lineno":1,"logger":"py.warnings"}
{"timestamp":"2026-03-13T19:09:38.361712Z","level":"warning","event":"The `airflow.decorators.task` attribute is deprecated. Please use `'airflow.sdk.task'`.","category":"DeprecatedImportWarning","filename":"/opt/airflow/dags/mover.py","lineno":1,"logger":"py.warnings"}
{"timestamp":"2026-03-13T19:09:38.361791Z","level":"warning","event":"The `airflow.operators.bash.BashOperator` attribute is deprecated. Please use `'airflow.providers.standard.operators.bash.BashOperator'`.","category":"DeprecatedImportWarning","filename":"/opt/airflow/dags/mover.py","lineno":2,"logger":"py.warnings"}
{"timestamp":"2026-03-13T19:10:08.588133Z","level":"info","event":"Filling up the DagBag from /opt/airflow/dags/mover.py","logger":"airflow.models.dagbag.BundleDagBag","filename":"dagbag.py","lineno":593}
{"timestamp":"2026-03-13T19:10:08.611864Z","level":"warning","event":"The `airflow.decorators.dag` attribute is deprecated. Please use `'airflow.sdk.dag'`.","category":"DeprecatedImportWarning","filename":"/opt/airflow/dags/mover.py","lineno":1,"logger":"py.warnings"}
{"timestamp":"2026-03-13T19:10:08.612015Z","level":"warning","event":"The `airflow.decorators.task` attribute is deprecated. Please use `'airflow.sdk.task'`.","category":"DeprecatedImportWarning","filename":"/opt/airflow/dags/mover.py","lineno":1,"logger":"py.warnings"}
{"timestamp":"2026-03-13T19:10:08.612092Z","level":"warning","event":"The `airflow.operators.bash.BashOperator` attribute is deprecated. Please use `'airflow.providers.standard.operators.bash.BashOperator'`.","category":"DeprecatedImportWarning","filename":"/opt/airflow/dags/mover.py","lineno":2,"logger":"py.warnings"}
{"timestamp":"2026-03-13T19:10:38.730748Z","level":"info","event":"Filling up the DagBag from /opt/airflow/dags/mover.py","logger":"airflow.models.dagbag.BundleDagBag","filename":"dagbag.py","lineno":593}
{"timestamp":"2026-03-13T19:10:38.754000Z","level":"warning","event":"The `airflow.decorators.dag` attribute is deprecated. Please use `'airflow.sdk.dag'`.","category":"DeprecatedImportWarning","filename":"/opt/airflow/dags/mover.py","lineno":1,"logger":"py.warnings"}
{"timestamp":"2026-03-13T19:10:38.754146Z","level":"warning","event":"The `airflow.decorators.task` attribute is deprecated. Please use `'airflow.sdk.task'`.","category":"DeprecatedImportWarning","filename":"/opt/airflow/dags/mover.py","lineno":1,"logger":"py.warnings"}
{"timestamp":"2026-03-13T19:10:38.754219Z","level":"warning","event":"The `airflow.operators.bash.BashOperator` attribute is deprecated. Please use `'airflow.providers.standard.operators.bash.BashOperator'`.","category":"DeprecatedImportWarning","filename":"/opt/airflow/dags/mover.py","lineno":2,"logger":"py.warnings"}
{"timestamp":"2026-03-13T19:11:08.899725Z","level":"info","event":"Filling up the DagBag from /opt/airflow/dags/mover.py","logger":"airflow.models.dagbag.BundleDagBag","filename":"dagbag.py","lineno":593}
{"timestamp":"2026-03-13T19:11:08.925150Z","level":"warning","event":"The `airflow.decorators.dag` attribute is deprecated. Please use `'airflow.sdk.dag'`.","category":"DeprecatedImportWarning","filename":"/opt/airflow/dags/mover.py","lineno":1,"logger":"py.warnings"}
{"timestamp":"2026-03-13T19:11:08.925305Z","level":"warning","event":"The `airflow.decorators.task` attribute is deprecated. Please use `'airflow.sdk.task'`.","category":"DeprecatedImportWarning","filename":"/opt/airflow/dags/mover.py","lineno":1,"logger":"py.warnings"}
{"timestamp":"2026-03-13T19:11:08.925424Z","level":"warning","event":"The `airflow.operators.bash.BashOperator` attribute is deprecated. Please use `'airflow.providers.standard.operators.bash.BashOperator'`.","category":"DeprecatedImportWarning","filename":"/opt/airflow/dags/mover.py","lineno":2,"logger":"py.warnings"}
{"timestamp":"2026-03-13T19:11:39.152937Z","level":"info","event":"Filling up the DagBag from /opt/airflow/dags/mover.py","logger":"airflow.models.dagbag.BundleDagBag","filename":"dagbag.py","lineno":593}
{"timestamp":"2026-03-13T19:11:39.176831Z","level":"warning","event":"The `airflow.decorators.dag` attribute is deprecated. Please use `'airflow.sdk.dag'`.","category":"DeprecatedImportWarning","filename":"/opt/airflow/dags/mover.py","lineno":1,"logger":"py.warnings"}
{"timestamp":"2026-03-13T19:11:39.176978Z","level":"warning","event":"The `airflow.decorators.task` attribute is deprecated. Please use `'airflow.sdk.task'`.","category":"DeprecatedImportWarning","filename":"/opt/airflow/dags/mover.py","lineno":1,"logger":"py.warnings"}
{"timestamp":"2026-03-13T19:11:39.177054Z","level":"warning","event":"The `airflow.operators.bash.BashOperator` attribute is deprecated. Please use `'airflow.providers.standard.operators.bash.BashOperator'`.","category":"DeprecatedImportWarning","filename":"/opt/airflow/dags/mover.py","lineno":2,"logger":"py.warnings"}
{"timestamp":"2026-03-13T19:12:09.474227Z","level":"info","event":"Filling up the DagBag from /opt/airflow/dags/mover.py","logger":"airflow.models.dagbag.BundleDagBag","filename":"dagbag.py","lineno":593}
{"timestamp":"2026-03-13T19:12:09.498418Z","level":"warning","event":"The `airflow.decorators.dag` attribute is deprecated. Please use `'airflow.sdk.dag'`.","category":"DeprecatedImportWarning","filename":"/opt/airflow/dags/mover.py","lineno":1,"logger":"py.warnings"}
{"timestamp":"2026-03-13T19:12:09.498649Z","level":"warning","event":"The `airflow.decorators.task` attribute is deprecated. Please use `'airflow.sdk.task'`.","category":"DeprecatedImportWarning","filename":"/opt/airflow/dags/mover.py","lineno":1,"logger":"py.warnings"}
{"timestamp":"2026-03-13T19:12:09.498779Z","level":"warning","event":"The `airflow.operators.bash.BashOperator` attribute is deprecated. Please use `'airflow.providers.standard.operators.bash.BashOperator'`.","category":"DeprecatedImportWarning","filename":"/opt/airflow/dags/mover.py","lineno":2,"logger":"py.warnings"}
